SF:lib/core/database/dao/answer_dao.dart
DA:7,3
DA:18,1
DA:22,4
DA:39,1
DA:50,2
DA:64,1
DA:65,2
DA:78,1
DA:79,2
DA:82,1
DA:83,2
LF:11
LH:11
end_of_record
SF:lib/screens/diary/domain/entities/answer.dart
DA:17,3
DA:30,0
DA:35,0
DA:36,0
DA:37,0
LF:5
LH:1
end_of_record
SF:lib/core/network/secrets_handler.dart
DA:31,1
DA:35,0
DA:39,1
DA:42,2
DA:43,1
DA:45,1
DA:48,1
DA:53,2
DA:54,1
DA:55,1
DA:56,2
DA:57,2
DA:58,2
DA:59,2
DA:60,2
DA:66,1
DA:68,3
DA:72,1
DA:75,2
DA:76,1
DA:78,1
DA:82,1
DA:84,2
DA:85,1
DA:86,2
DA:90,0
DA:97,1
DA:99,2
DA:100,2
DA:102,0
DA:123,2
DA:129,1
DA:130,2
DA:131,2
DA:132,2
DA:133,2
DA:136,1
DA:137,1
DA:138,2
DA:139,2
DA:140,2
DA:141,2
LF:42
LH:39
end_of_record
SF:lib/screens/diary/data/notification.dart
DA:6,1
DA:12,0
DA:13,0
DA:14,0
DA:15,0
DA:16,0
DA:20,0
DA:21,0
DA:22,0
DA:23,0
DA:24,0
DA:28,0
DA:29,0
DA:30,0
DA:31,0
LF:15
LH:1
end_of_record
SF:lib/screens/diary/data/prompt.dart
DA:22,3
DA:46,1
DA:57,1
DA:58,1
DA:59,1
DA:60,1
DA:61,1
DA:62,1
DA:63,1
DA:64,1
DA:65,1
DA:66,1
DA:69,0
DA:70,0
DA:71,0
DA:72,0
DA:73,0
DA:74,0
DA:76,0
DA:77,0
DA:79,0
DA:80,0
DA:81,0
DA:86,0
DA:87,0
DA:88,0
DA:89,0
DA:90,0
DA:91,0
DA:93,0
DA:94,0
DA:95,0
DA:96,0
LF:33
LH:12
end_of_record
SF:lib/screens/diary/data/tag.dart
DA:7,4
LF:1
LH:1
end_of_record
SF:lib/screens/diary/domain/entities/diary_entity.dart
DA:35,0
DA:36,0
DA:37,0
DA:40,0
DA:41,0
DA:42,0
DA:45,3
DA:69,0
DA:70,0
DA:71,0
DA:72,0
DA:73,0
DA:74,0
DA:86,1
DA:87,1
DA:88,1
DA:89,1
DA:90,1
DA:91,1
DA:92,1
DA:93,1
DA:94,1
DA:95,1
DA:96,2
DA:97,1
DA:99,4
DA:100,1
DA:101,1
DA:102,0
DA:103,0
DA:104,1
DA:105,0
DA:106,0
DA:110,0
DA:111,0
DA:112,0
DA:113,0
DA:114,0
DA:118,0
LF:39
LH:17
end_of_record
SF:lib/screens/diary/domain/entities/prompt_entity.dart
DA:27,0
DA:28,0
DA:29,0
DA:32,0
DA:33,0
DA:34,0
DA:37,3
DA:48,0
DA:49,0
DA:50,0
DA:51,0
DA:52,0
DA:53,0
DA:54,0
DA:55,0
DA:56,0
DA:57,0
DA:58,0
DA:59,0
DA:60,0
DA:61,0
DA:62,0
DA:63,0
DA:64,0
DA:67,2
DA:68,2
DA:69,2
DA:70,2
DA:71,2
DA:72,2
DA:73,4
DA:74,2
DA:75,2
DA:76,2
DA:78,2
DA:79,3
LF:36
LH:13
end_of_record
SF:lib/screens/diary/domain/entities/protocol_entity.dart
DA:15,1
DA:29,0
DA:30,0
DA:31,0
DA:32,0
DA:33,0
DA:34,0
DA:35,0
DA:45,0
DA:46,0
DA:48,0
DA:49,0
DA:50,0
DA:52,0
LF:14
LH:1
end_of_record
SF:lib/screens/home/data/incentive.dart
DA:7,5
DA:13,0
DA:14,0
DA:15,0
DA:16,0
DA:17,0
DA:18,0
DA:22,0
DA:23,0
DA:24,0
DA:25,0
DA:26,0
DA:27,0
LF:13
LH:1
end_of_record
SF:lib/screens/home/data/study.dart
DA:16,5
DA:26,0
DA:27,0
DA:30,0
DA:31,0
DA:33,0
DA:34,0
DA:38,0
DA:39,0
DA:40,0
DA:41,0
DA:42,0
DA:43,0
DA:45,0
DA:46,0
DA:49,0
DA:58,0
DA:59,0
DA:60,0
DA:61,0
DA:62,0
DA:63,0
DA:64,0
DA:65,0
DA:74,5
DA:79,0
DA:80,0
DA:81,0
DA:82,0
DA:86,0
DA:87,0
DA:88,0
DA:89,0
LF:33
LH:2
end_of_record
SF:lib/screens/home/data/experiment.dart
DA:14,4
DA:25,0
DA:26,0
DA:28,0
DA:29,0
DA:30,0
DA:31,0
DA:32,0
DA:33,0
DA:34,0
DA:35,0
DA:39,1
DA:40,1
DA:41,1
DA:42,1
DA:43,1
DA:44,1
DA:45,1
DA:46,1
DA:47,1
DA:48,1
DA:49,1
LF:22
LH:12
end_of_record
SF:lib/screens/home/domain/entities/experiment.dart
DA:17,2
DA:28,0
DA:29,0
DA:30,0
DA:31,0
DA:32,0
DA:33,0
DA:34,0
DA:35,0
DA:36,0
DA:37,0
DA:38,0
LF:12
LH:1
end_of_record
SF:lib/screens/home/domain/entities/study.dart
DA:16,1
DA:25,0
DA:26,0
DA:27,0
DA:28,0
DA:29,0
DA:30,0
DA:31,0
DA:32,0
LF:9
LH:1
end_of_record
SF:lib/screens/onboarding/domain/entities/participant.dart
DA:10,5
LF:1
LH:1
end_of_record
SF:lib/screens/onboarding/domain/entities/questions_entity.dart
DA:22,3
DA:36,2
DA:37,2
DA:38,2
DA:39,2
DA:40,2
DA:41,2
DA:42,0
DA:43,0
DA:45,2
DA:46,2
DA:47,2
DA:48,2
DA:49,2
DA:50,2
DA:51,2
DA:52,2
LF:17
LH:15
end_of_record
SF:lib/screens/diary/data/diary.dart
DA:27,13
DA:53,0
DA:55,0
DA:56,0
DA:57,0
DA:58,0
DA:59,0
DA:62,0
DA:63,0
DA:64,0
DA:65,0
DA:66,0
DA:67,0
DA:69,0
DA:70,0
DA:71,0
DA:72,0
DA:73,0
DA:74,0
DA:75,0
DA:76,0
DA:77,0
DA:78,0
DA:81,0
DA:82,0
DA:85,0
DA:86,0
DA:87,0
DA:88,0
DA:91,0
DA:92,0
DA:93,0
DA:95,0
DA:96,0
DA:97,0
DA:98,0
DA:99,0
DA:100,0
DA:101,0
DA:103,0
DA:104,0
DA:109,4
DA:123,4
DA:126,4
DA:127,4
DA:128,4
DA:129,2
DA:130,3
DA:131,4
DA:132,4
DA:133,4
DA:134,3
DA:135,4
DA:153,0
DA:155,0
DA:164,0
LF:56
LH:13
end_of_record
SF:lib/core/utils/statuses.dart
DA:16,1
DA:19,5
DA:20,3
DA:21,3
DA:22,3
LF:5
LH:5
end_of_record
SF:lib/core/network/upload.dart
DA:47,0
DA:49,0
DA:50,0
DA:51,0
DA:52,0
DA:53,0
DA:55,0
DA:57,0
DA:58,0
DA:60,0
DA:61,0
DA:62,0
DA:63,0
DA:64,0
DA:65,0
DA:66,0
DA:70,0
DA:71,0
DA:72,0
DA:73,0
DA:76,0
DA:77,0
DA:82,0
DA:83,0
DA:85,0
DA:86,0
DA:87,0
DA:90,0
DA:91,0
DA:93,0
DA:94,0
DA:95,0
DA:97,0
DA:100,0
DA:101,0
DA:102,0
DA:104,0
DA:105,0
DA:108,0
DA:109,0
DA:110,0
DA:111,0
DA:112,0
DA:113,0
DA:116,0
DA:118,0
DA:119,0
DA:120,0
DA:121,0
DA:122,0
DA:127,0
DA:128,0
DA:129,0
DA:130,0
DA:132,0
DA:133,0
DA:134,0
DA:141,0
DA:150,0
DA:151,0
DA:154,0
DA:155,0
DA:156,0
DA:158,0
DA:159,0
DA:161,0
DA:163,0
DA:164,0
DA:168,0
DA:169,0
DA:172,0
DA:173,0
DA:174,0
DA:176,0
DA:177,0
DA:178,0
DA:180,0
DA:186,0
DA:189,0
DA:191,0
DA:192,0
DA:195,0
DA:197,0
DA:198,0
DA:199,0
DA:200,0
DA:201,0
DA:206,0
DA:207,0
DA:214,1
DA:219,0
DA:221,0
DA:224,1
DA:227,0
DA:231,1
DA:232,1
DA:234,2
DA:236,1
DA:238,2
DA:239,1
DA:243,2
DA:245,1
DA:246,1
DA:248,2
DA:249,0
DA:250,0
DA:251,0
DA:253,0
DA:254,0
DA:258,2
DA:261,1
DA:262,3
DA:264,2
DA:265,3
DA:266,1
DA:268,3
DA:269,2
DA:271,1
DA:272,1
DA:277,2
DA:278,2
DA:280,1
DA:281,2
DA:285,0
DA:316,1
DA:322,0
DA:324,0
DA:327,1
DA:329,0
DA:333,2
DA:335,1
DA:336,1
DA:337,1
DA:340,2
DA:341,1
DA:346,2
DA:347,1
DA:348,1
DA:349,2
DA:350,1
DA:353,2
DA:354,2
DA:355,1
DA:357,1
DA:358,2
DA:360,1
DA:361,1
DA:366,2
DA:368,2
DA:370,1
DA:371,2
DA:374,0
DA:378,0
DA:380,0
DA:381,0
DA:383,0
DA:384,0
DA:387,0
DA:388,0
DA:389,0
DA:393,0
DA:395,0
DA:397,0
DA:398,0
DA:401,0
DA:402,0
DA:404,0
DA:405,0
DA:406,0
DA:408,0
DA:409,0
DA:411,0
DA:412,0
DA:417,0
DA:420,0
DA:422,0
DA:423,0
DA:425,0
DA:426,0
DA:431,0
DA:432,0
DA:438,0
DA:441,0
DA:442,0
DA:444,0
DA:446,0
DA:447,0
DA:448,0
DA:449,0
DA:451,0
DA:452,0
DA:453,0
DA:455,0
DA:456,0
DA:459,0
DA:460,0
DA:461,0
DA:462,0
DA:464,0
DA:465,0
DA:469,0
DA:471,0
DA:473,0
DA:474,0
DA:475,0
DA:479,0
DA:480,0
DA:489,0
DA:507,2
DA:521,1
DA:523,1
DA:525,2
DA:526,1
DA:527,1
DA:528,1
DA:529,1
DA:530,1
DA:531,1
DA:532,1
DA:533,1
DA:534,1
DA:535,2
DA:536,1
DA:537,1
DA:540,1
DA:547,0
DA:550,0
DA:551,0
DA:554,0
DA:556,0
DA:557,0
DA:558,0
DA:559,0
DA:560,0
DA:561,0
DA:562,0
DA:568,0
DA:569,0
DA:570,0
LF:239
LH:67
end_of_record
SF:lib/screens/diary/data/options.dart
DA:28,0
DA:47,0
DA:50,0
DA:51,0
DA:53,0
DA:54,0
DA:55,0
DA:56,0
DA:57,0
DA:58,0
DA:59,0
DA:60,0
DA:61,0
DA:63,0
DA:64,0
DA:65,0
DA:67,0
DA:68,0
DA:69,0
DA:70,0
DA:71,0
DA:72,0
DA:74,0
DA:75,0
DA:76,0
DA:77,0
DA:78,0
DA:83,0
DA:84,0
DA:85,0
DA:86,0
DA:87,0
DA:88,0
DA:89,0
DA:90,0
DA:91,0
DA:93,0
DA:94,0
DA:95,0
DA:97,0
DA:98,0
DA:99,0
DA:101,0
DA:102,0
DA:103,0
DA:104,0
DA:105,0
DA:111,0
DA:112,0
LF:49
LH:0
end_of_record
SF:lib/screens/onboarding/data/questions.dart
DA:20,2
DA:34,0
DA:35,0
DA:37,0
DA:38,0
DA:39,0
DA:40,0
DA:41,0
DA:42,0
DA:44,0
DA:45,0
DA:46,0
DA:47,0
DA:48,0
DA:49,0
DA:50,0
DA:54,0
DA:55,0
DA:56,0
DA:57,0
DA:58,0
DA:60,0
DA:61,0
DA:62,0
DA:63,0
DA:64,0
DA:65,0
DA:66,0
DA:67,0
DA:68,0
DA:72,0
DA:73,0
DA:74,0
DA:75,0
DA:76,0
DA:77,0
DA:78,0
DA:79,0
DA:80,0
DA:82,0
DA:83,0
DA:84,0
DA:85,0
DA:86,0
DA:87,0
DA:88,0
DA:89,0
DA:92,2
DA:106,2
DA:107,2
DA:108,2
DA:109,2
DA:110,2
DA:111,2
DA:112,2
DA:113,2
DA:114,2
DA:115,2
DA:116,2
DA:117,2
DA:122,1
DA:123,1
DA:124,1
DA:125,1
DA:126,1
DA:127,1
DA:128,1
DA:129,1
DA:130,1
DA:131,1
DA:132,1
DA:133,1
DA:134,1
DA:135,1
DA:143,0
DA:145,0
DA:146,0
DA:149,0
DA:150,0
LF:79
LH:28
end_of_record
SF:lib/core/database/dao/diary_dao.dart
DA:7,7
DA:16,2
DA:17,4
DA:31,0
DA:33,0
DA:34,0
DA:37,0
DA:38,0
DA:39,0
DA:40,0
DA:41,0
DA:42,0
DA:43,0
DA:44,0
DA:57,1
DA:59,4
DA:61,0
DA:75,0
DA:77,0
DA:79,0
DA:80,0
DA:81,0
DA:82,0
DA:83,0
DA:85,0
DA:86,0
DA:100,1
DA:101,2
DA:114,1
DA:115,2
DA:128,1
DA:129,2
DA:138,1
DA:140,2
DA:147,1
DA:149,4
DA:150,2
LF:37
LH:16
end_of_record
SF:lib/core/database/dao/experiment_dao.dart
DA:7,3
DA:9,2
DA:10,6
DA:13,1
DA:14,2
DA:17,1
DA:18,1
DA:19,1
DA:22,1
DA:23,2
LF:10
LH:10
end_of_record
SF:lib/core/database/dao/participant_dao.dart
DA:7,3
DA:28,2
DA:29,6
DA:30,2
DA:47,1
DA:48,1
DA:49,2
DA:67,1
DA:68,1
DA:70,1
DA:71,2
DA:75,1
DA:76,2
LF:13
LH:13
end_of_record
SF:lib/core/database/dao/prompt_dao.dart
DA:7,4
DA:19,2
DA:21,10
DA:34,1
DA:36,1
DA:37,1
DA:38,1
DA:39,1
DA:40,6
DA:41,1
DA:50,1
DA:52,2
DA:61,2
DA:63,4
DA:72,1
DA:74,2
DA:79,1
DA:81,2
LF:18
LH:18
end_of_record
SF:lib/core/database/dao/protocal_dao.dart
DA:8,7
DA:17,1
DA:18,5
DA:30,1
DA:31,2
DA:39,1
DA:40,2
LF:7
LH:7
end_of_record
SF:lib/core/database/dao/questions_dao.dart
DA:8,3
DA:17,1
DA:19,8
DA:26,1
DA:28,2
DA:38,1
DA:40,2
DA:44,1
DA:45,2
DA:52,1
DA:54,2
LF:11
LH:11
end_of_record
SF:lib/core/database/dao/study_dao.dart
DA:8,7
DA:10,1
DA:11,7
DA:14,1
DA:15,5
DA:18,1
DA:19,2
DA:22,1
DA:24,2
DA:26,3
DA:31,1
DA:32,2
DA:35,1
DA:37,2
DA:39,3
DA:49,1
DA:51,2
DA:54,3
LF:18
LH:18
end_of_record
SF:lib/core/database/object_box.dart
DA:9,0
DA:25,0
DA:26,0
DA:27,0
DA:28,0
LF:5
LH:0
end_of_record
SF:lib/core/network/request.dart
DA:11,3
DA:13,3
DA:16,1
DA:32,1
DA:37,0
DA:40,2
DA:41,2
DA:42,1
DA:44,2
DA:46,3
DA:49,0
DA:61,1
DA:67,0
DA:70,2
DA:71,2
DA:72,2
DA:73,1
DA:75,3
DA:76,1
DA:77,1
DA:80,3
DA:81,2
DA:85,0
LF:23
LH:19
end_of_record
SF:lib/services/crashlytics_service.dart
DA:27,42
DA:28,28
DA:29,14
DA:34,0
DA:54,0
DA:56,0
DA:58,0
DA:61,0
DA:63,0
DA:65,0
DA:66,0
DA:68,0
DA:71,0
DA:88,0
DA:89,0
DA:92,0
DA:93,0
DA:94,0
DA:95,0
DA:99,0
DA:100,0
DA:101,0
DA:111,14
DA:112,14
DA:113,14
DA:140,0
DA:141,0
DA:143,0
DA:145,0
DA:170,0
DA:171,0
DA:172,0
DA:200,0
DA:201,0
DA:203,0
DA:204,0
DA:205,0
DA:207,0
DA:210,0
DA:212,0
DA:213,0
DA:215,0
DA:238,0
DA:239,0
DA:241,0
DA:243,0
DA:266,0
DA:267,0
DA:268,0
DA:269,0
DA:302,14
DA:309,14
DA:313,0
DA:317,0
DA:318,0
DA:320,0
DA:321,0
DA:325,0
DA:331,0
DA:367,2
DA:375,2
DA:376,2
DA:377,2
DA:378,2
DA:379,4
DA:380,2
DA:383,2
DA:387,2
DA:402,0
DA:404,0
DA:410,0
DA:412,0
DA:413,0
DA:414,0
DA:415,0
LF:75
LH:17
end_of_record
SF:lib/core/usecases/diary.dart
DA:8,0
DA:14,0
DA:16,0
DA:18,0
DA:19,0
DA:23,0
DA:24,0
DA:25,0
DA:26,0
DA:30,0
DA:31,0
DA:33,0
DA:34,0
DA:36,0
DA:37,0
DA:38,0
DA:48,0
DA:54,0
DA:55,0
DA:57,0
DA:59,0
DA:60,0
DA:63,0
DA:65,0
DA:66,0
DA:71,0
DA:76,0
DA:80,0
DA:81,0
DA:82,0
DA:85,0
DA:87,0
DA:88,0
DA:93,0
DA:98,0
DA:101,0
DA:102,0
DA:103,0
DA:108,0
DA:110,0
DA:111,0
DA:114,0
DA:118,0
DA:120,0
DA:122,0
DA:124,0
DA:128,0
DA:130,0
DA:133,0
LF:49
LH:0
end_of_record
SF:lib/core/usecases/location.dart
DA:28,1
DA:37,0
DA:38,0
DA:40,1
DA:43,1
DA:45,1
DA:47,1
DA:48,1
DA:50,1
DA:51,1
DA:56,2
DA:57,3
DA:62,0
DA:63,0
DA:65,0
DA:70,0
DA:71,0
DA:77,1
DA:82,2
LF:19
LH:12
end_of_record
SF:lib/core/utils/formatter.dart
DA:18,6
DA:29,1
DA:30,1
DA:31,1
DA:43,1
DA:44,2
DA:45,1
DA:49,2
DA:50,2
DA:51,2
DA:55,1
DA:56,1
DA:59,2
DA:60,2
DA:61,2
DA:65,1
DA:77,1
DA:78,1
DA:80,2
DA:81,8
DA:82,7
DA:97,1
DA:99,3
DA:100,3
DA:102,1
DA:106,1
DA:107,2
DA:111,1
DA:112,2
DA:115,1
DA:117,1
DA:118,2
DA:119,2
DA:120,2
DA:122,1
DA:126,2
DA:127,6
DA:131,2
DA:132,6
DA:136,1
DA:138,1
DA:141,2
DA:144,2
DA:147,2
DA:148,2
DA:149,2
DA:151,1
DA:156,0
DA:157,0
DA:158,0
DA:159,0
DA:160,0
DA:163,1
DA:164,1
DA:165,2
DA:167,1
DA:168,1
DA:170,1
DA:171,2
DA:172,3
DA:173,2
DA:174,0
DA:175,0
DA:176,0
DA:177,0
DA:179,0
DA:183,1
DA:184,1
DA:186,1
DA:191,1
DA:193,1
DA:194,2
DA:199,1
DA:200,1
DA:201,1
DA:202,1
DA:203,0
DA:204,0
DA:205,0
DA:206,0
DA:208,0
DA:222,1
DA:225,7
DA:227,1
DA:228,1
DA:231,5
DA:233,2
DA:236,2
DA:237,4
DA:239,2
DA:243,1
DA:296,0
DA:297,0
DA:298,0
DA:302,0
DA:324,0
DA:325,0
DA:327,0
DA:333,0
DA:353,0
DA:354,0
DA:356,0
DA:357,0
DA:362,0
DA:364,0
DA:366,0
DA:373,0
DA:375,0
DA:377,0
DA:379,0
DA:385,0
DA:386,0
DA:387,0
DA:390,0
DA:391,0
DA:395,0
DA:399,0
DA:400,0
DA:401,0
DA:404,0
DA:405,0
DA:406,0
DA:407,0
DA:410,0
DA:411,0
DA:412,0
DA:414,0
DA:416,0
DA:417,0
DA:436,0
DA:438,0
DA:440,0
DA:441,0
DA:442,0
DA:443,0
DA:448,0
DA:450,0
DA:452,0
DA:453,0
DA:455,0
DA:459,0
DA:461,0
DA:462,0
DA:465,0
DA:468,0
DA:469,0
DA:470,0
DA:471,0
DA:475,0
DA:476,0
DA:477,0
DA:478,0
DA:482,0
DA:483,0
DA:484,0
DA:485,0
DA:489,0
DA:490,0
DA:491,0
DA:492,0
DA:496,0
DA:497,0
DA:498,0
DA:499,0
DA:505,0
DA:506,0
DA:507,0
DA:508,0
DA:514,0
DA:515,0
DA:516,0
DA:517,0
DA:522,0
DA:523,0
DA:524,0
DA:525,0
DA:530,0
DA:531,0
DA:532,0
DA:533,0
DA:539,0
DA:540,0
DA:541,0
DA:542,0
DA:548,0
DA:549,0
DA:550,0
DA:551,0
DA:555,0
DA:556,0
DA:557,0
DA:558,0
DA:562,0
DA:563,0
DA:564,0
DA:565,0
DA:569,0
DA:573,0
DA:574,0
DA:581,0
DA:582,0
DA:583,0
DA:585,0
DA:586,0
DA:587,0
DA:588,0
LF:206
LH:76
end_of_record
SF:lib/screens/onboarding/domain/repository/setup_repository.dart
DA:79,1
DA:80,2
DA:96,0
DA:97,0
DA:110,0
DA:112,0
DA:113,0
DA:116,0
DA:119,0
DA:122,0
DA:125,0
DA:126,0
DA:127,0
DA:129,0
DA:131,0
DA:136,0
DA:137,0
DA:138,0
DA:161,0
DA:163,0
DA:164,0
DA:166,0
DA:169,0
DA:170,0
DA:171,0
DA:176,0
DA:177,0
DA:178,0
DA:180,0
DA:182,0
DA:183,0
DA:184,0
DA:186,0
DA:187,0
DA:188,0
DA:189,0
DA:194,0
DA:195,0
DA:204,0
DA:205,0
DA:208,0
DA:209,0
DA:211,0
DA:212,0
DA:217,0
DA:222,0
DA:223,0
DA:228,0
DA:230,0
DA:231,0
DA:232,0
DA:234,0
DA:238,0
DA:239,0
DA:245,0
DA:247,0
DA:249,0
DA:252,0
DA:253,0
DA:254,0
DA:255,0
DA:260,0
DA:262,0
DA:264,0
DA:266,0
DA:268,0
DA:272,0
DA:273,0
DA:275,0
DA:276,0
DA:279,0
DA:281,0
DA:284,0
DA:285,0
DA:293,1
DA:294,2
DA:295,1
DA:298,0
DA:299,0
DA:300,0
DA:302,0
DA:303,0
DA:304,0
DA:306,0
DA:307,0
DA:308,0
DA:309,0
DA:310,0
DA:313,0
DA:314,0
DA:325,0
DA:327,0
DA:329,0
DA:330,0
DA:332,0
DA:333,0
DA:335,0
DA:336,0
DA:337,0
DA:338,0
DA:339,0
DA:342,0
DA:344,0
DA:347,0
DA:348,0
DA:349,0
DA:352,0
DA:354,0
DA:356,0
DA:358,0
DA:359,0
DA:360,0
DA:374,0
DA:378,0
DA:382,0
DA:383,0
DA:387,0
DA:388,0
DA:393,0
DA:395,0
DA:396,0
DA:397,0
DA:399,0
DA:400,0
DA:401,0
DA:403,0
DA:409,0
DA:413,0
DA:415,0
DA:419,0
DA:420,0
DA:422,0
DA:423,0
DA:424,0
DA:426,0
DA:428,0
DA:430,0
DA:436,0
DA:440,0
DA:442,0
DA:447,0
DA:452,0
DA:453,0
DA:455,0
DA:457,0
DA:458,0
DA:462,0
DA:463,0
DA:465,0
DA:467,0
DA:481,0
DA:482,0
DA:483,0
DA:484,0
DA:485,0
DA:502,0
DA:503,0
DA:506,0
DA:507,0
DA:509,0
DA:510,0
DA:512,0
DA:515,0
DA:516,0
DA:517,0
DA:520,0
DA:521,0
DA:536,0
DA:537,0
DA:540,0
DA:541,0
DA:542,0
DA:543,0
DA:544,0
DA:545,0
DA:547,0
DA:548,0
DA:550,0
DA:552,0
DA:553,0
DA:559,0
DA:562,0
DA:565,0
DA:566,0
DA:567,0
DA:571,0
DA:573,0
DA:574,0
DA:576,0
DA:579,0
DA:583,0
DA:585,0
DA:587,0
DA:591,0
DA:592,0
DA:593,0
DA:594,0
DA:599,0
DA:600,0
DA:603,0
DA:604,0
DA:605,0
DA:606,0
DA:609,0
DA:610,0
DA:611,0
DA:616,0
DA:617,0
DA:618,0
DA:620,0
DA:621,0
DA:622,0
DA:624,0
DA:625,0
DA:626,0
DA:628,0
DA:629,0
DA:630,0
DA:631,0
DA:633,0
DA:635,0
DA:637,0
DA:638,0
DA:641,0
DA:642,0
DA:646,0
DA:647,0
DA:649,0
DA:650,0
DA:652,0
DA:654,0
DA:662,0
DA:663,0
DA:664,0
DA:665,0
DA:666,0
DA:673,0
DA:675,0
DA:676,0
DA:682,0
DA:696,0
DA:697,0
DA:698,0
DA:712,0
DA:713,0
DA:715,0
DA:716,0
DA:719,0
DA:720,0
DA:721,0
DA:722,0
DA:727,0
DA:728,0
DA:731,0
DA:732,0
DA:733,0
DA:734,0
DA:737,0
DA:738,0
DA:739,0
DA:744,0
DA:748,0
DA:749,0
DA:750,0
DA:751,0
DA:752,0
DA:753,0
DA:754,0
DA:755,0
DA:756,0
DA:759,0
DA:762,0
DA:765,0
DA:766,0
DA:767,0
DA:768,0
DA:770,0
DA:771,0
DA:772,0
DA:773,0
DA:779,0
DA:783,0
DA:784,0
LF:283
LH:5
end_of_record
SF:lib/services/pendo_service.dart
DA:21,0
DA:23,0
DA:26,1
DA:32,1
DA:36,0
DA:38,0
DA:41,2
DA:43,2
DA:50,7
DA:54,1
DA:60,1
DA:61,1
DA:72,1
DA:74,5
DA:76,2
DA:78,2
DA:95,2
DA:98,6
DA:100,0
DA:101,0
DA:104,0
DA:106,0
DA:119,1
DA:121,2
DA:123,0
DA:125,0
DA:142,3
DA:144,6
DA:146,0
DA:148,0
LF:30
LH:18
end_of_record
SF:lib/core/notifications/controllers/notifications_controller.dart
DA:18,1
DA:22,0
DA:23,0
DA:25,1
DA:26,0
DA:29,1
DA:31,2
DA:33,1
DA:38,2
DA:39,0
DA:43,1
DA:44,1
DA:45,1
DA:52,1
DA:53,2
DA:54,1
DA:55,1
DA:57,1
DA:58,1
DA:59,2
DA:61,2
DA:66,2
DA:67,1
DA:68,1
DA:69,1
DA:70,1
DA:71,1
DA:79,1
DA:86,1
DA:88,2
DA:98,2
DA:100,2
DA:108,1
DA:110,2
DA:111,2
DA:114,1
DA:118,1
DA:125,1
DA:128,2
DA:129,1
DA:132,1
DA:133,1
DA:134,3
DA:138,1
DA:139,1
DA:140,2
DA:142,3
DA:143,1
DA:144,2
LF:49
LH:45
end_of_record
SF:lib/core/usecases/calendar.dart
DA:4,1
DA:5,1
DA:7,2
DA:8,3
DA:10,0
DA:11,0
DA:12,0
DA:13,0
DA:17,1
DA:18,1
DA:21,2
DA:23,2
DA:24,2
DA:27,3
DA:28,2
DA:29,1
DA:30,3
DA:31,1
DA:32,3
DA:43,1
DA:44,4
DA:47,1
DA:49,2
DA:50,2
DA:52,2
DA:53,2
DA:54,2
DA:57,2
DA:58,2
DA:59,3
DA:60,2
DA:65,4
DA:66,1
LF:33
LH:29
end_of_record
SF:lib/core/usecases/connectivity.dart
DA:5,0
DA:9,0
DA:12,0
LF:3
LH:0
end_of_record
SF:lib/core/usecases/daily_goal_service.dart
DA:9,1
DA:12,1
DA:13,1
DA:14,1
DA:16,1
DA:18,2
DA:20,3
DA:25,1
DA:26,1
DA:28,1
DA:31,1
DA:33,2
DA:36,2
DA:37,3
DA:46,1
DA:53,2
DA:55,2
DA:58,3
DA:59,3
DA:63,3
DA:64,3
DA:68,1
DA:72,1
DA:76,2
DA:78,1
DA:80,0
DA:81,0
DA:82,0
DA:83,0
DA:85,0
DA:93,1
DA:94,1
DA:95,1
DA:96,2
DA:98,1
DA:102,1
DA:105,2
DA:106,4
DA:108,0
DA:109,0
DA:113,4
DA:115,1
DA:116,1
DA:118,1
DA:122,1
DA:123,2
DA:124,0
DA:125,0
DA:128,4
DA:139,1
DA:146,0
DA:147,0
DA:155,1
LF:53
LH:42
end_of_record
SF:lib/services/preference_service.dart
DA:6,4
DA:7,8
DA:9,1
DA:10,1
DA:11,2
DA:14,1
DA:16,1
DA:17,2
DA:20,1
DA:21,1
DA:22,2
DA:25,2
DA:27,2
DA:28,4
DA:31,2
DA:32,2
DA:33,4
DA:36,1
DA:38,1
DA:39,2
DA:42,1
DA:43,1
DA:44,2
DA:47,1
DA:49,1
DA:50,2
DA:53,3
DA:54,3
DA:55,6
DA:58,1
DA:60,1
DA:61,2
DA:64,1
DA:65,1
DA:66,2
DA:69,1
DA:70,1
DA:71,2
LF:38
LH:38
end_of_record
SF:lib/core/usecases/diary_history.dart
DA:11,0
DA:12,0
DA:20,6
DA:32,0
DA:37,0
DA:38,0
DA:42,0
DA:44,0
DA:51,0
DA:52,0
DA:54,0
DA:55,0
DA:56,0
DA:59,0
DA:60,0
DA:62,0
DA:64,0
DA:65,0
DA:66,0
DA:68,0
DA:69,0
DA:72,0
DA:73,0
DA:74,0
DA:75,0
DA:76,0
DA:77,0
DA:84,0
DA:88,0
DA:89,0
DA:91,0
DA:99,0
DA:100,0
DA:102,0
DA:103,0
DA:106,0
DA:110,0
DA:111,0
DA:113,0
DA:115,0
DA:118,0
DA:123,0
DA:124,0
DA:125,0
DA:126,0
DA:174,0
DA:175,0
DA:176,0
DA:177,0
DA:178,0
DA:181,0
DA:187,0
DA:188,0
DA:189,0
DA:190,0
DA:191,0
DA:193,0
DA:194,0
DA:196,0
DA:197,0
DA:198,0
DA:202,0
DA:204,0
DA:207,0
DA:209,0
DA:210,0
DA:212,0
DA:216,0
DA:219,0
DA:220,0
DA:225,0
DA:226,0
DA:229,0
DA:230,0
DA:240,0
DA:241,0
DA:243,0
DA:245,0
DA:246,0
DA:247,0
DA:250,0
DA:255,0
DA:257,0
DA:261,0
DA:263,0
DA:268,0
DA:269,0
DA:273,0
DA:276,0
DA:278,0
DA:279,0
DA:282,0
DA:284,0
DA:286,0
DA:287,0
DA:292,0
DA:293,0
DA:297,0
DA:300,0
DA:301,0
DA:303,0
DA:304,0
DA:305,0
DA:312,0
DA:314,0
DA:315,0
DA:316,0
DA:317,0
DA:321,0
DA:326,0
DA:327,0
DA:331,0
DA:333,0
DA:337,0
DA:338,0
DA:342,0
DA:346,0
DA:348,0
DA:350,0
DA:351,0
DA:357,0
DA:359,0
DA:363,0
DA:364,0
DA:368,0
DA:370,0
DA:371,0
DA:372,0
DA:376,0
DA:377,0
DA:381,0
DA:385,0
DA:386,0
DA:390,0
DA:392,0
DA:393,0
DA:394,0
DA:398,0
DA:402,0
DA:407,0
DA:408,0
DA:411,0
DA:419,0
DA:420,0
DA:421,0
DA:424,0
DA:425,0
DA:429,0
DA:431,0
DA:434,0
DA:440,0
DA:441,0
DA:444,0
DA:445,0
DA:447,0
DA:448,0
DA:451,0
DA:452,0
DA:453,0
DA:454,0
DA:455,0
DA:456,0
LF:162
LH:1
end_of_record
SF:lib/core/usecases/homepage.dart
DA:6,0
DA:13,0
DA:15,2
DA:16,2
DA:17,2
DA:18,2
DA:19,2
DA:21,2
DA:22,2
DA:24,2
DA:25,2
DA:26,2
DA:28,2
DA:30,2
DA:67,1
DA:68,1
DA:70,1
DA:71,1
DA:73,0
DA:74,0
DA:77,0
DA:78,0
DA:81,0
DA:83,0
DA:86,0
DA:92,0
DA:93,0
DA:95,0
DA:116,0
DA:121,0
DA:122,0
DA:123,0
DA:124,0
DA:127,0
DA:128,0
DA:129,0
DA:133,0
DA:134,0
DA:138,0
DA:141,0
DA:146,0
DA:151,0
DA:152,0
DA:156,0
DA:160,0
DA:163,0
DA:165,0
DA:169,0
DA:174,0
DA:175,0
DA:185,0
DA:189,0
DA:195,0
DA:197,0
DA:200,0
DA:201,0
DA:205,0
DA:207,0
DA:208,0
DA:210,0
LF:60
LH:16
end_of_record
SF:lib/screens/diary/domain/repository/diary_repository.dart
DA:44,1
DA:45,2
DA:46,1
DA:47,4
DA:49,1
DA:50,1
DA:51,1
DA:53,1
DA:54,0
DA:55,0
DA:56,0
DA:57,0
DA:58,0
DA:59,0
DA:60,0
DA:64,0
DA:65,0
DA:70,0
DA:74,0
DA:87,0
DA:88,0
DA:118,1
DA:120,2
DA:123,0
DA:124,0
DA:134,1
DA:135,1
DA:136,2
DA:139,1
DA:140,1
DA:141,1
DA:143,2
DA:146,1
DA:148,1
DA:149,0
DA:150,0
DA:157,0
DA:159,0
DA:160,0
DA:163,0
DA:164,0
DA:167,0
DA:168,0
DA:170,0
DA:171,0
DA:175,0
DA:176,0
DA:178,0
DA:179,0
DA:180,0
DA:181,0
DA:183,0
DA:184,0
DA:185,0
DA:189,0
DA:191,0
DA:192,0
DA:193,0
DA:217,0
DA:218,0
DA:232,0
DA:233,0
DA:236,0
DA:237,0
DA:238,0
DA:241,0
DA:251,0
DA:252,0
DA:254,0
DA:255,0
DA:256,0
DA:257,0
DA:272,0
DA:273,0
DA:276,0
DA:279,0
DA:280,0
DA:282,0
DA:283,0
DA:284,0
DA:291,0
DA:292,0
DA:295,0
DA:296,0
DA:299,0
DA:300,0
DA:304,0
DA:305,0
DA:309,0
DA:312,0
DA:313,0
DA:317,0
DA:318,0
DA:322,0
DA:326,0
DA:328,0
DA:329,0
DA:331,0
DA:332,0
DA:334,0
DA:335,0
DA:343,0
DA:345,0
DA:347,0
DA:348,0
DA:349,0
DA:352,0
DA:357,0
DA:360,0
DA:363,0
DA:368,0
DA:369,0
DA:385,1
DA:387,1
DA:390,0
DA:407,0
DA:408,0
DA:410,0
DA:415,0
DA:417,0
DA:419,0
DA:435,0
DA:436,0
DA:440,0
DA:441,0
DA:442,0
DA:443,0
DA:444,0
DA:446,0
DA:447,0
DA:450,0
DA:451,0
DA:452,0
DA:453,0
DA:454,0
DA:456,0
DA:457,0
DA:458,0
DA:460,0
DA:461,0
DA:462,0
DA:463,0
DA:464,0
DA:465,0
DA:466,0
DA:467,0
DA:468,0
DA:470,0
DA:471,0
DA:472,0
DA:473,0
DA:474,0
DA:475,0
DA:477,0
DA:478,0
DA:479,0
DA:484,0
DA:488,0
DA:490,0
DA:500,0
DA:501,0
DA:503,0
DA:508,0
DA:509,0
DA:512,0
DA:513,0
DA:515,0
DA:516,0
DA:517,0
DA:523,0
DA:524,0
DA:525,0
DA:526,0
DA:527,0
DA:533,0
DA:534,0
DA:535,0
DA:536,0
DA:537,0
DA:543,0
DA:544,0
DA:547,0
DA:549,0
DA:550,0
DA:551,0
DA:552,0
DA:553,0
DA:559,0
DA:560,0
DA:563,0
DA:565,0
DA:566,0
DA:567,0
DA:568,0
DA:569,0
DA:583,0
DA:584,0
DA:588,0
DA:589,0
DA:591,0
DA:603,0
DA:604,0
DA:605,0
DA:618,0
DA:620,0
DA:621,0
DA:622,0
DA:624,0
DA:625,0
DA:626,0
DA:627,0
DA:628,0
DA:629,0
DA:630,0
DA:656,0
DA:657,0
DA:658,0
DA:661,0
DA:664,0
DA:667,0
DA:668,0
DA:672,0
DA:675,0
DA:677,0
DA:682,0
DA:684,0
DA:686,0
DA:691,0
DA:692,0
DA:695,0
DA:696,0
DA:702,0
DA:705,0
DA:707,0
DA:710,0
DA:711,0
DA:714,0
DA:716,0
LF:238
LH:21
end_of_record
SF:lib/screens/diary/domain/repository/prompt_repository.dart
DA:31,1
DA:33,2
DA:36,0
DA:40,0
DA:41,0
DA:44,0
DA:45,0
DA:47,0
DA:49,0
DA:50,0
DA:51,0
DA:69,1
DA:76,2
DA:78,1
DA:84,1
DA:85,3
DA:87,0
DA:92,1
DA:97,2
DA:98,2
DA:101,1
DA:103,3
DA:108,1
DA:112,1
DA:116,2
DA:119,2
DA:125,1
DA:134,2
DA:135,2
DA:137,2
DA:142,0
DA:143,0
DA:144,0
DA:148,0
DA:149,0
DA:152,1
DA:155,1
DA:159,0
DA:165,0
DA:169,0
DA:170,0
DA:176,0
DA:177,0
DA:178,0
DA:179,0
DA:182,0
DA:183,0
DA:184,0
DA:187,0
DA:189,0
DA:196,0
DA:197,0
DA:198,0
DA:199,0
DA:206,0
LF:55
LH:22
end_of_record
SF:lib/core/usecases/experiment_manager.dart
DA:18,1
DA:20,0
DA:23,1
DA:26,2
DA:35,2
DA:36,2
LF:6
LH:5
end_of_record
SF:lib/core/utils/participant_experiment_details.dart
DA:15,1
DA:27,1
DA:28,1
DA:31,3
DA:34,3
DA:37,1
DA:38,1
DA:39,1
DA:40,1
DA:41,1
DA:46,0
DA:47,0
DA:48,0
DA:49,0
DA:50,0
DA:51,0
DA:56,0
DA:57,0
DA:58,0
DA:59,0
DA:60,0
DA:66,0
DA:67,0
DA:68,0
DA:69,0
DA:70,0
DA:71,0
DA:74,0
DA:75,0
DA:79,0
DA:81,0
DA:82,0
DA:87,0
DA:91,0
DA:92,0
DA:93,0
DA:95,0
DA:99,0
DA:108,0
LF:39
LH:10
end_of_record
SF:lib/core/usecases/font_scaler_detector.dart
DA:3,0
DA:4,0
LF:2
LH:0
end_of_record
SF:lib/core/usecases/incentives.dart
DA:15,0
DA:17,0
DA:18,0
DA:19,0
DA:20,0
DA:23,0
DA:25,0
DA:29,0
DA:30,0
DA:31,0
DA:32,0
DA:36,0
DA:38,0
DA:43,0
DA:44,0
DA:45,0
DA:46,0
DA:52,0
DA:53,0
DA:54,0
DA:58,0
DA:60,0
DA:66,0
DA:72,0
LF:24
LH:0
end_of_record
SF:lib/core/usecases/notification_manager.dart
DA:21,0
DA:30,0
DA:32,0
DA:36,0
DA:40,0
DA:41,0
DA:42,0
DA:43,0
DA:44,0
DA:45,0
DA:47,0
DA:50,0
DA:53,0
DA:57,0
DA:58,0
DA:59,0
DA:60,0
DA:61,0
DA:62,0
DA:63,0
DA:65,0
DA:68,0
DA:69,0
DA:74,0
DA:76,0
DA:77,0
DA:78,0
DA:79,0
DA:84,0
DA:86,0
DA:89,0
DA:90,0
DA:91,0
DA:94,0
DA:97,0
DA:98,0
DA:101,0
DA:102,0
DA:105,0
DA:107,0
DA:110,0
DA:112,0
DA:113,0
DA:114,0
DA:115,0
DA:116,0
DA:117,0
DA:118,0
DA:119,0
DA:123,0
DA:124,0
DA:126,0
DA:127,0
DA:129,0
DA:132,0
DA:134,0
DA:135,0
DA:136,0
DA:137,0
DA:138,0
DA:139,0
DA:140,0
DA:144,0
DA:150,0
DA:151,0
DA:155,0
DA:156,0
DA:159,0
DA:164,0
DA:166,0
DA:168,0
DA:171,0
DA:172,0
DA:174,0
DA:175,0
DA:177,0
DA:180,0
DA:182,0
DA:183,0
DA:184,0
DA:185,0
DA:186,0
DA:187,0
DA:188,0
DA:192,0
DA:198,0
DA:199,0
DA:203,0
DA:204,0
DA:207,0
DA:212,0
DA:215,0
DA:221,0
DA:222,0
DA:231,0
DA:233,0
DA:238,0
DA:240,0
DA:241,0
DA:242,0
DA:243,0
DA:247,0
DA:249,0
DA:250,0
DA:254,0
DA:255,0
DA:257,0
DA:258,0
DA:259,0
DA:262,0
DA:265,0
DA:266,0
DA:269,0
DA:270,0
DA:273,0
DA:274,0
DA:277,0
DA:278,0
DA:279,0
DA:280,0
DA:281,0
DA:282,0
DA:283,0
DA:284,0
DA:285,0
DA:288,0
DA:289,0
DA:291,0
DA:294,0
DA:296,0
DA:297,0
DA:299,0
DA:301,0
DA:302,0
DA:303,0
DA:304,0
DA:305,0
DA:306,0
DA:307,0
DA:310,0
DA:316,0
DA:317,0
DA:321,0
DA:325,0
DA:326,0
DA:327,0
DA:330,0
DA:331,0
DA:332,0
DA:335,0
DA:337,0
DA:338,0
DA:340,0
DA:342,0
DA:343,0
DA:344,0
DA:345,0
DA:346,0
DA:347,0
DA:348,0
DA:351,0
DA:357,0
DA:358,0
DA:362,0
DA:366,0
DA:368,0
DA:376,0
DA:377,0
DA:378,0
DA:379,0
DA:380,0
DA:381,0
DA:382,0
DA:383,0
DA:384,0
DA:393,0
DA:395,0
DA:396,0
DA:398,0
DA:399,0
DA:400,0
DA:401,0
DA:402,0
DA:407,0
DA:409,0
DA:410,0
DA:411,0
DA:412,0
DA:413,0
DA:414,0
DA:416,0
DA:417,0
DA:418,0
DA:422,0
DA:425,0
DA:427,0
DA:428,0
DA:429,0
DA:431,0
DA:432,0
DA:438,0
DA:440,0
DA:441,0
DA:443,0
DA:444,0
DA:446,0
DA:447,0
DA:448,0
DA:449,0
DA:450,0
DA:451,0
DA:454,0
DA:456,0
DA:457,0
DA:461,0
DA:462,0
DA:463,0
DA:464,0
DA:468,0
DA:470,0
DA:474,0
DA:476,0
DA:477,0
DA:478,0
DA:479,0
DA:480,0
DA:482,0
DA:483,0
DA:484,0
DA:490,0
DA:491,0
DA:495,0
DA:496,0
DA:502,0
DA:503,0
DA:505,0
DA:506,0
DA:507,0
DA:509,0
DA:510,0
DA:511,0
DA:512,0
LF:242
LH:0
end_of_record
SF:lib/services/notification_service.dart
DA:14,6
DA:18,1
DA:22,1
DA:23,2
DA:30,1
DA:36,1
DA:37,1
DA:52,1
DA:53,2
DA:55,1
DA:56,1
DA:78,1
DA:79,2
DA:96,0
DA:99,0
DA:102,0
DA:104,0
DA:105,0
DA:106,0
DA:121,0
DA:124,0
DA:127,0
DA:129,0
DA:130,0
DA:131,0
DA:143,0
DA:146,0
DA:147,0
DA:150,0
DA:151,0
DA:152,0
DA:153,0
DA:154,0
DA:184,1
DA:191,2
DA:193,2
DA:198,2
DA:199,1
DA:200,2
DA:210,1
DA:211,1
DA:212,1
DA:219,1
DA:222,4
DA:224,1
DA:226,2
DA:227,3
DA:228,2
DA:244,1
DA:245,2
DA:263,1
DA:264,2
DA:294,1
DA:300,2
DA:302,1
DA:312,1
DA:314,2
LF:57
LH:37
end_of_record
SF:lib/core/usecases/notifications.dart
DA:25,0
DA:27,0
DA:33,0
DA:35,0
DA:36,0
DA:39,0
DA:42,0
DA:43,0
DA:46,0
DA:48,0
DA:49,0
DA:51,0
DA:52,0
DA:53,0
DA:67,0
DA:68,0
DA:69,0
DA:75,0
DA:76,0
DA:77,0
DA:80,0
DA:83,0
DA:84,0
DA:87,0
DA:89,0
DA:90,0
DA:92,0
DA:93,0
DA:94,0
DA:115,0
DA:116,0
DA:117,0
DA:120,0
DA:122,0
DA:123,0
DA:127,0
DA:128,0
DA:133,0
DA:134,0
DA:141,0
DA:143,0
DA:148,0
DA:151,0
DA:152,0
DA:153,0
DA:155,0
DA:156,0
DA:157,0
DA:159,0
DA:160,0
DA:161,0
DA:162,0
DA:163,0
DA:165,0
DA:168,0
DA:169,0
DA:171,0
DA:173,0
DA:174,0
DA:178,0
DA:179,0
DA:184,0
DA:185,0
DA:192,0
DA:194,0
DA:199,0
DA:202,0
DA:203,0
DA:204,0
DA:206,0
DA:207,0
DA:208,0
DA:231,0
DA:233,0
DA:236,0
DA:237,0
DA:240,0
DA:244,0
DA:245,0
DA:248,0
DA:249,0
DA:254,0
DA:255,0
DA:262,0
DA:264,0
DA:269,0
DA:272,0
DA:273,0
DA:274,0
DA:275,0
DA:276,0
DA:277,0
DA:279,0
DA:281,0
DA:282,0
DA:283,0
DA:284,0
DA:286,0
DA:289,0
DA:290,0
DA:292,0
DA:294,0
DA:295,0
DA:298,0
DA:299,0
DA:304,0
DA:305,0
DA:312,0
DA:314,0
DA:319,0
DA:322,0
DA:323,0
DA:324,0
DA:325,0
DA:326,0
DA:327,0
DA:344,0
DA:346,0
DA:348,0
DA:349,0
DA:352,0
DA:353,0
DA:354,0
DA:359,0
DA:360,0
DA:361,0
DA:362,0
DA:363,0
DA:366,0
DA:367,0
DA:371,0
DA:372,0
DA:378,0
DA:379,0
DA:380,0
DA:381,0
DA:382,0
DA:383,0
DA:384,0
DA:397,0
DA:401,0
DA:402,0
DA:405,0
DA:407,0
DA:408,0
DA:412,0
DA:413,0
DA:417,0
DA:423,0
DA:426,0
DA:427,0
DA:428,0
DA:430,0
DA:431,0
DA:436,0
DA:458,0
DA:459,0
DA:461,0
DA:462,0
LF:159
LH:0
end_of_record
SF:lib/core/usecases/page_timer.dart
DA:8,2
DA:9,2
DA:11,1
DA:12,3
DA:13,2
DA:17,1
DA:18,2
DA:19,1
DA:20,1
DA:23,1
DA:24,1
DA:25,1
DA:26,1
DA:30,1
DA:31,2
DA:32,1
DA:33,1
LF:17
LH:17
end_of_record
SF:lib/core/usecases/video_image_thumbnail.dart
DA:12,0
DA:18,0
DA:20,0
DA:21,0
DA:22,0
DA:23,0
DA:24,0
DA:25,0
DA:28,0
DA:30,0
DA:31,0
DA:32,0
DA:33,0
DA:37,0
DA:39,0
DA:40,0
DA:42,0
DA:44,0
DA:45,0
DA:47,0
DA:51,0
DA:52,0
DA:53,0
LF:23
LH:0
end_of_record
SF:lib/core/usecases/webview_survey_detector.dart
DA:4,0
DA:5,0
DA:7,0
DA:8,0
DA:9,0
DA:10,0
DA:11,0
DA:12,0
DA:15,0
DA:16,0
DA:19,0
DA:20,0
DA:22,0
DA:24,0
DA:25,0
DA:26,0
DA:63,0
DA:64,0
LF:18
LH:0
end_of_record
SF:lib/core/utils/device_appInfo.dart
DA:8,0
DA:9,0
DA:11,0
DA:12,0
DA:13,0
DA:14,0
DA:15,0
DA:16,0
DA:22,1
DA:23,1
DA:24,1
LF:11
LH:3
end_of_record
SF:lib/core/utils/dummy_data.dart
DA:11,0
DA:13,0
DA:15,0
DA:17,0
DA:20,0
DA:21,0
DA:22,0
DA:23,0
DA:24,0
DA:25,0
DA:28,0
DA:29,0
DA:30,0
DA:31,0
DA:32,0
DA:33,0
DA:36,0
DA:47,0
DA:48,0
DA:49,0
DA:52,0
DA:58,0
LF:22
LH:0
end_of_record
SF:lib/screens/diary/data/option.dart
DA:6,0
DA:8,0
DA:12,0
DA:13,0
DA:17,0
DA:18,0
DA:19,0
DA:20,0
LF:8
LH:0
end_of_record
SF:lib/theme/custom_colors.dart
DA:39,0
DA:40,0
LF:2
LH:0
end_of_record
SF:lib/core/utils/email_function.dart
DA:7,0
DA:13,0
DA:14,0
DA:15,0
DA:19,0
DA:25,0
DA:28,0
DA:31,0
DA:35,0
DA:36,0
DA:37,0
DA:39,0
DA:42,0
DA:46,0
DA:47,0
DA:48,0
DA:49,0
DA:50,0
LF:18
LH:0
end_of_record
SF:lib/core/utils/errorCodes.dart
DA:39,0
DA:40,0
DA:42,0
DA:44,0
DA:46,0
DA:48,0
DA:50,0
DA:56,0
DA:57,0
DA:59,0
DA:61,0
DA:63,0
DA:65,0
DA:67,0
DA:73,0
DA:74,0
DA:75,0
DA:81,0
DA:82,0
DA:84,0
DA:86,0
DA:88,0
DA:90,0
DA:92,0
DA:98,0
DA:99,0
DA:100,0
DA:101,0
DA:102,0
DA:103,0
DA:104,0
DA:110,0
DA:111,0
DA:113,0
DA:114,0
DA:115,0
DA:116,0
DA:117,0
DA:118,0
DA:119,0
DA:120,0
DA:161,0
DA:162,0
DA:164,0
DA:166,0
DA:168,0
DA:170,0
DA:172,0
DA:178,0
DA:179,0
DA:181,0
DA:183,0
DA:185,0
DA:187,0
DA:189,0
DA:195,0
DA:196,0
DA:197,0
DA:203,0
DA:204,0
DA:206,0
DA:208,0
DA:210,0
DA:212,0
DA:214,0
DA:220,0
DA:221,0
DA:222,0
DA:223,0
DA:224,0
DA:225,0
DA:226,0
DA:232,0
DA:233,0
DA:235,0
DA:236,0
DA:237,0
DA:238,0
DA:239,0
DA:240,0
DA:241,0
DA:242,0
DA:245,0
DA:246,0
DA:270,0
LF:85
LH:0
end_of_record
SF:lib/theme/custom_typography.dart
DA:7,0
DA:9,0
DA:18,0
DA:19,0
DA:22,0
DA:28,2
DA:29,2
DA:32,2
DA:38,0
DA:39,0
DA:42,0
DA:48,3
DA:49,3
DA:52,3
DA:58,1
DA:59,1
DA:62,1
DA:68,3
DA:69,3
DA:72,3
DA:78,1
DA:79,1
DA:82,1
DA:88,3
DA:90,3
DA:93,3
DA:99,2
DA:101,2
DA:104,2
DA:110,0
DA:111,0
DA:114,0
DA:120,0
DA:121,0
DA:124,0
DA:130,1
DA:131,1
DA:134,1
DA:140,1
DA:141,1
DA:144,1
DA:150,3
DA:151,3
DA:154,3
DA:160,1
DA:161,1
DA:164,1
DA:170,1
DA:174,1
LF:49
LH:35
end_of_record
SF:lib/firebase_options.dart
DA:18,0
DA:20,0
DA:25,0
DA:26,0
DA:28,0
DA:30,0
DA:31,0
DA:35,0
DA:36,0
DA:40,0
DA:41,0
DA:46,0
LF:12
LH:0
end_of_record
SF:lib/main.dart
DA:51,7
DA:52,0
DA:53,0
DA:54,0
DA:55,0
DA:56,0
DA:58,0
DA:59,0
DA:60,0
DA:62,0
DA:63,0
DA:64,0
DA:65,0
DA:66,0
DA:67,0
DA:68,0
DA:69,0
DA:70,0
DA:71,0
DA:74,0
DA:77,0
DA:78,0
DA:79,0
DA:82,0
DA:83,0
DA:84,0
DA:85,0
DA:90,0
DA:92,0
DA:93,0
DA:99,0
DA:101,0
DA:102,0
DA:103,0
DA:104,0
DA:107,0
DA:109,0
DA:110,0
DA:111,0
DA:113,0
DA:114,0
DA:115,0
DA:116,0
DA:117,0
DA:118,0
DA:120,0
DA:121,0
DA:122,0
DA:123,0
DA:124,0
DA:125,0
DA:126,0
DA:127,0
DA:128,0
DA:129,0
DA:130,0
DA:131,0
DA:132,0
DA:133,0
DA:134,0
DA:135,0
DA:136,0
DA:138,0
DA:139,0
DA:141,0
DA:146,0
DA:147,0
DA:148,0
DA:150,0
DA:151,0
DA:152,0
DA:154,0
DA:156,0
DA:157,0
DA:158,0
DA:159,0
DA:163,0
DA:166,0
DA:169,0
DA:170,0
DA:171,0
DA:174,0
DA:178,0
DA:179,0
DA:180,0
DA:187,0
DA:192,4
DA:194,0
DA:195,0
DA:214,0
DA:216,0
DA:218,0
DA:219,0
DA:220,0
DA:230,0
DA:231,0
DA:232,0
DA:233,0
DA:234,0
DA:235,0
DA:236,0
DA:237,0
DA:239,0
DA:242,0
DA:244,0
DA:245,0
DA:246,0
DA:249,0
DA:251,0
DA:252,0
DA:254,0
DA:257,0
DA:259,0
DA:260,0
DA:262,0
DA:263,0
DA:264,0
DA:265,0
DA:266,0
DA:267,0
DA:270,0
DA:271,0
DA:272,0
DA:275,0
DA:277,0
DA:281,0
DA:283,0
DA:292,0
DA:293,0
DA:294,0
DA:300,0
DA:303,0
DA:315,0
DA:316,0
DA:317,0
DA:318,0
DA:319,0
DA:320,0
DA:323,0
DA:324,0
DA:325,0
DA:327,0
DA:328,0
DA:330,0
DA:332,0
DA:337,0
DA:338,0
DA:341,0
DA:342,0
DA:354,0
DA:355,0
DA:356,0
DA:357,0
DA:358,0
LF:154
LH:2
end_of_record
SF:lib/screens/diary/presentation/cubit/bulk_submission/bulk_submission_cubit.dart
DA:18,1
DA:21,0
DA:22,1
DA:23,2
DA:25,1
DA:26,1
DA:27,2
DA:29,1
DA:32,1
DA:33,1
DA:36,3
DA:37,3
DA:38,1
DA:39,2
DA:43,2
DA:45,1
DA:48,1
DA:52,4
DA:53,1
DA:56,4
DA:57,1
DA:59,2
DA:60,3
DA:62,1
DA:63,1
DA:68,7
DA:70,2
DA:71,1
DA:73,1
DA:74,1
DA:77,2
DA:78,1
DA:84,4
DA:85,1
DA:87,1
DA:88,3
DA:90,1
DA:91,2
DA:94,2
DA:95,2
DA:97,3
DA:101,1
DA:102,2
LF:43
LH:42
end_of_record
SF:lib/screens/diary/presentation/cubit/bulk_submission/bulk_submission_state.dart
DA:4,2
DA:6,1
DA:7,1
DA:16,2
DA:18,1
DA:19,3
DA:28,2
DA:30,1
DA:31,3
DA:37,1
DA:39,1
DA:40,2
LF:12
LH:12
end_of_record
SF:lib/screens/diary/presentation/cubit/completion/completion_state.dart
DA:4,5
DA:6,1
DA:7,1
DA:11,4
DA:15,4
DA:22,1
DA:25,1
DA:26,4
DA:31,1
DA:33,1
DA:34,2
LF:11
LH:11
end_of_record
SF:lib/screens/diary/presentation/cubit/completion/completion_cubit.dart
DA:14,2
DA:16,1
DA:17,1
DA:18,4
DA:19,4
DA:20,1
DA:23,1
DA:24,3
DA:26,0
DA:27,0
DA:28,0
DA:30,0
DA:31,0
DA:33,0
DA:36,3
DA:37,2
DA:39,3
LF:17
LH:11
end_of_record
SF:lib/screens/diary/presentation/cubit/diary/diary_state.dart
DA:4,5
DA:6,1
DA:7,1
DA:11,4
DA:15,4
DA:21,1
DA:23,1
DA:24,3
DA:29,4
DA:31,1
DA:32,2
LF:11
LH:11
end_of_record
SF:lib/screens/diary/presentation/cubit/diary/diary_cubit.dart
DA:16,2
DA:19,1
DA:20,0
DA:21,1
DA:22,2
DA:24,2
DA:25,4
DA:26,4
DA:27,1
DA:28,2
DA:29,4
DA:30,1
DA:31,4
DA:33,1
DA:34,2
DA:37,5
DA:38,3
DA:40,2
DA:43,2
DA:45,1
DA:49,1
DA:50,1
DA:51,1
DA:53,2
DA:54,1
DA:55,2
DA:56,1
DA:57,2
DA:58,1
DA:59,2
DA:60,1
DA:61,4
DA:62,0
DA:66,2
DA:67,1
LF:35
LH:33
end_of_record
SF:lib/screens/diary/presentation/cubit/diary/diary_history_state.dart
DA:4,6
DA:6,2
DA:7,2
DA:11,4
DA:15,4
DA:23,2
DA:29,2
DA:30,8
DA:36,2
DA:38,2
DA:39,4
DA:44,4
DA:46,2
DA:47,4
LF:14
LH:14
end_of_record
SF:lib/screens/diary/presentation/cubit/diary/diary_history_cubit.dart
DA:12,4
DA:17,2
DA:19,2
DA:21,4
DA:26,4
DA:27,2
DA:28,2
DA:32,4
DA:35,2
DA:39,2
DA:40,2
DA:41,4
DA:44,6
DA:46,4
DA:47,4
DA:52,2
DA:53,2
DA:56,6
DA:57,2
DA:58,4
DA:60,2
DA:64,4
DA:66,2
DA:70,4
DA:75,2
LF:25
LH:25
end_of_record
SF:lib/screens/diary/presentation/cubit/diary/summary_state.dart
DA:4,5
DA:6,1
DA:7,1
DA:11,4
DA:15,4
DA:20,1
DA:22,1
DA:23,2
DA:27,0
DA:31,4
DA:35,4
DA:39,4
DA:43,4
LF:13
LH:12
end_of_record
SF:lib/screens/diary/presentation/cubit/diary/summary_cubit.dart
DA:23,1
DA:25,0
DA:26,1
DA:40,1
DA:41,1
DA:44,4
DA:45,2
DA:48,2
DA:50,2
DA:67,1
DA:71,2
DA:73,2
DA:75,2
DA:77,1
DA:94,1
DA:97,4
DA:99,1
DA:103,0
DA:105,0
DA:133,1
DA:135,1
DA:137,2
DA:140,0
DA:141,0
DA:147,2
DA:148,1
DA:149,1
DA:151,1
DA:154,2
DA:155,2
DA:157,1
DA:161,1
DA:162,2
DA:165,0
DA:167,1
DA:169,1
DA:170,1
DA:171,0
DA:177,0
DA:179,0
DA:181,0
DA:182,0
DA:183,0
DA:184,0
DA:185,0
DA:186,0
DA:189,0
DA:190,0
DA:191,0
DA:194,1
DA:195,1
DA:196,1
LF:52
LH:34
end_of_record
SF:lib/screens/diary/presentation/cubit/prompt/prompt_state.dart
DA:4,5
DA:6,1
DA:7,1
DA:11,4
DA:16,1
DA:18,1
DA:19,2
DA:24,1
DA:26,1
DA:27,2
DA:31,0
DA:35,4
DA:39,4
DA:43,4
LF:14
LH:13
end_of_record
SF:lib/screens/diary/presentation/cubit/prompt/prompt_cubit.dart
DA:16,2
DA:33,1
DA:35,2
DA:36,3
DA:37,0
DA:38,0
DA:40,2
DA:42,2
DA:47,0
DA:48,0
DA:49,0
DA:76,1
DA:83,2
DA:84,1
DA:90,0
DA:91,0
DA:92,0
DA:93,0
DA:97,2
DA:99,2
DA:100,1
DA:102,1
DA:106,1
DA:110,1
DA:113,1
DA:114,1
DA:133,1
DA:139,1
DA:140,2
DA:141,2
DA:143,0
DA:144,0
DA:148,0
DA:150,0
DA:155,1
DA:156,1
DA:160,1
DA:161,1
LF:38
LH:25
end_of_record
SF:lib/screens/diary/presentation/pages/new_diary.dart
DA:35,0
DA:37,0
DA:38,0
DA:55,0
DA:57,0
DA:58,0
DA:59,0
DA:60,0
DA:62,0
DA:63,0
DA:65,0
DA:66,0
DA:67,0
DA:68,0
DA:69,0
DA:70,0
DA:71,0
DA:72,0
DA:73,0
DA:79,0
DA:81,0
DA:82,0
DA:83,0
DA:84,0
DA:85,0
DA:89,0
DA:90,0
DA:91,0
DA:94,0
DA:95,0
DA:96,0
DA:100,0
DA:101,0
DA:102,0
DA:104,0
DA:105,0
DA:106,0
DA:107,0
DA:108,0
DA:109,0
DA:110,0
DA:111,0
DA:112,0
DA:113,0
DA:118,0
DA:120,0
DA:121,0
DA:122,0
DA:125,0
DA:126,0
DA:129,0
DA:130,0
DA:131,0
DA:132,0
DA:133,0
DA:134,0
DA:137,0
DA:138,0
DA:140,0
DA:141,0
DA:142,0
DA:146,0
DA:148,0
DA:149,0
DA:150,0
DA:151,0
DA:154,0
DA:156,0
DA:157,0
DA:158,0
DA:161,0
DA:162,0
DA:164,0
DA:168,0
DA:170,0
DA:172,0
DA:176,0
DA:177,0
DA:178,0
DA:179,0
DA:181,0
DA:182,0
DA:183,0
DA:184,0
DA:186,0
DA:188,0
DA:189,0
DA:192,0
DA:198,0
DA:199,0
DA:200,0
DA:202,0
DA:210,0
DA:216,0
DA:217,0
DA:218,0
DA:219,0
DA:228,0
DA:229,0
DA:230,0
DA:231,0
DA:233,0
DA:236,0
DA:237,0
DA:238,0
DA:239,0
DA:240,0
DA:242,0
DA:243,0
DA:244,0
DA:251,0
DA:257,0
DA:258,0
DA:259,0
DA:262,0
DA:263,0
DA:264,0
DA:265,0
DA:266,0
DA:267,0
DA:273,0
DA:278,0
DA:280,0
DA:282,0
DA:285,0
DA:286,0
DA:292,0
DA:304,0
DA:305,0
DA:306,0
DA:307,0
DA:308,0
DA:309,0
DA:310,0
DA:311,0
DA:313,0
DA:315,0
DA:316,0
DA:317,0
DA:318,0
DA:322,0
DA:323,0
DA:324,0
DA:325,0
DA:326,0
DA:329,0
DA:332,0
DA:333,0
DA:334,0
DA:335,0
DA:336,0
DA:337,0
DA:338,0
DA:345,0
DA:347,0
DA:350,0
DA:351,0
DA:352,0
DA:363,0
DA:364,0
DA:367,0
DA:368,0
DA:372,0
DA:373,0
DA:375,0
DA:376,0
DA:377,0
DA:378,0
DA:379,0
DA:400,0
DA:413,0
DA:414,0
DA:420,0
DA:421,0
DA:434,0
DA:435,0
DA:436,0
DA:442,0
DA:444,0
DA:445,0
DA:446,0
DA:447,0
DA:448,0
DA:449,0
DA:452,0
DA:454,0
DA:455,0
DA:456,0
DA:459,0
DA:462,0
DA:463,0
DA:464,0
DA:470,0
DA:473,0
DA:475,0
DA:477,0
DA:478,0
DA:479,0
DA:480,0
DA:481,0
DA:482,0
DA:483,0
DA:484,0
DA:485,0
DA:486,0
DA:488,0
DA:491,0
DA:492,0
DA:493,0
DA:494,0
DA:495,0
DA:496,0
DA:497,0
DA:498,0
DA:499,0
DA:500,0
DA:501,0
DA:508,0
DA:516,0
DA:517,0
DA:525,0
DA:528,0
DA:529,0
DA:530,0
DA:531,0
DA:532,0
DA:533,0
DA:534,0
DA:535,0
DA:536,0
DA:537,0
DA:538,0
DA:540,0
DA:541,0
DA:542,0
DA:543,0
DA:545,0
DA:546,0
DA:548,0
DA:549,0
DA:550,0
DA:551,0
DA:552,0
DA:554,0
DA:557,0
DA:559,0
DA:560,0
DA:561,0
DA:563,0
DA:564,0
DA:565,0
DA:567,0
DA:569,0
DA:572,0
DA:574,0
DA:575,0
DA:576,0
DA:577,0
DA:578,0
DA:581,0
DA:582,0
DA:583,0
DA:584,0
DA:585,0
DA:586,0
DA:589,0
DA:590,0
DA:592,0
DA:593,0
DA:594,0
DA:595,0
DA:596,0
DA:597,0
DA:598,0
DA:599,0
DA:600,0
DA:601,0
DA:602,0
DA:603,0
DA:604,0
DA:605,0
DA:607,0
DA:609,0
DA:611,0
DA:612,0
DA:613,0
DA:615,0
DA:616,0
DA:617,0
DA:618,0
DA:620,0
DA:621,0
DA:622,0
DA:623,0
DA:625,0
DA:626,0
DA:627,0
DA:628,0
DA:630,0
DA:637,0
DA:638,0
DA:639,0
DA:640,0
DA:641,0
DA:642,0
DA:643,0
DA:644,0
DA:645,0
DA:647,0
DA:648,0
DA:651,0
DA:652,0
DA:655,0
DA:656,0
DA:657,0
DA:658,0
DA:660,0
DA:662,0
DA:663,0
DA:665,0
DA:666,0
DA:667,0
DA:668,0
DA:671,0
DA:674,0
DA:679,0
DA:680,0
DA:681,0
DA:682,0
DA:683,0
DA:685,0
DA:686,0
DA:688,0
DA:689,0
DA:690,0
DA:700,0
DA:701,0
DA:702,0
DA:703,0
DA:704,0
DA:705,0
DA:710,0
DA:711,0
DA:712,0
DA:713,0
DA:714,0
DA:720,0
DA:721,0
DA:722,0
DA:723,0
DA:727,0
DA:728,0
DA:729,0
DA:730,0
DA:731,0
DA:741,0
DA:742,0
DA:743,0
DA:749,0
DA:751,0
DA:753,0
DA:754,0
DA:758,0
DA:759,0
DA:762,0
DA:763,0
DA:764,0
DA:765,0
DA:766,0
DA:767,0
DA:768,0
DA:769,0
DA:771,0
DA:775,0
DA:778,0
DA:781,0
DA:782,0
DA:783,0
DA:784,0
DA:786,0
DA:792,0
DA:793,0
DA:797,0
DA:798,0
DA:800,0
DA:801,0
DA:802,0
DA:803,0
DA:805,0
DA:806,0
DA:807,0
DA:808,0
DA:814,0
DA:815,0
DA:817,0
DA:823,0
DA:824,0
DA:828,0
DA:829,0
DA:831,0
DA:833,0
DA:835,0
DA:836,0
DA:846,0
DA:847,0
DA:849,0
DA:853,0
DA:855,0
DA:856,0
DA:857,0
DA:858,0
DA:860,0
DA:861,0
DA:866,0
DA:867,0
DA:868,0
DA:869,0
DA:874,0
DA:875,0
DA:877,0
DA:878,0
DA:885,0
DA:886,0
DA:887,0
DA:893,0
DA:894,0
DA:895,0
DA:896,0
DA:900,0
DA:901,0
DA:902,0
LF:431
LH:0
end_of_record
SF:lib/screens/home/presentation/pages/homepage.dart
DA:23,4
DA:25,1
DA:26,1
DA:41,1
DA:43,2
DA:44,3
DA:45,2
DA:46,2
DA:50,3
DA:51,1
DA:52,1
DA:53,1
DA:56,0
DA:58,0
DA:59,0
DA:61,0
DA:64,1
DA:66,2
DA:67,2
DA:68,1
DA:71,1
DA:73,1
DA:81,1
DA:82,1
DA:83,1
DA:84,1
DA:85,1
DA:86,1
DA:87,1
DA:88,1
DA:89,1
DA:91,1
DA:96,1
DA:105,1
DA:106,1
DA:107,1
DA:111,1
DA:112,1
DA:114,1
DA:115,1
DA:116,1
DA:117,1
DA:118,1
DA:119,1
DA:121,1
DA:123,1
DA:130,1
DA:131,1
DA:134,1
DA:136,1
DA:138,1
DA:140,1
DA:141,1
DA:142,1
DA:144,1
DA:145,1
DA:146,1
DA:147,2
DA:148,2
DA:152,2
DA:153,1
DA:154,0
DA:167,1
DA:168,1
DA:169,1
DA:171,1
DA:173,1
DA:174,1
DA:178,1
DA:179,0
DA:180,0
DA:181,0
DA:182,0
DA:188,1
DA:189,0
DA:190,0
DA:191,0
DA:194,2
DA:195,1
DA:197,2
DA:200,2
DA:201,2
DA:202,1
DA:204,2
DA:207,2
DA:214,1
DA:215,1
DA:217,1
DA:218,1
DA:221,1
DA:222,2
DA:223,1
DA:224,2
DA:225,2
DA:232,0
DA:233,0
DA:234,0
DA:235,0
DA:236,0
DA:238,0
DA:239,0
DA:240,0
DA:246,0
DA:247,0
DA:248,0
DA:249,0
DA:250,0
DA:251,0
DA:252,0
DA:255,0
DA:260,0
DA:261,0
DA:262,0
DA:263,0
DA:264,0
DA:269,1
DA:271,1
DA:273,1
DA:274,6
DA:276,1
DA:278,0
DA:280,0
DA:281,0
DA:289,1
DA:290,2
DA:291,3
DA:294,0
DA:296,0
DA:300,0
DA:301,0
DA:302,0
DA:306,0
DA:309,0
DA:310,0
DA:311,0
DA:312,0
DA:315,1
DA:316,1
DA:317,3
DA:320,0
DA:321,0
DA:322,0
DA:326,0
DA:327,0
DA:331,0
DA:332,0
DA:334,0
DA:335,0
DA:341,0
DA:342,0
DA:343,0
DA:347,0
DA:348,0
DA:352,0
DA:353,0
DA:355,0
DA:361,1
DA:362,1
DA:363,2
DA:364,2
DA:366,1
DA:367,0
DA:370,0
DA:371,0
LF:164
LH:98
end_of_record
SF:lib/screens/hub/presentation/cubit/hub_cubit.dart
DA:22,1
DA:25,0
DA:26,0
DA:27,1
DA:32,1
DA:33,3
DA:34,2
DA:35,2
DA:36,2
DA:39,1
DA:40,2
DA:41,2
DA:43,2
DA:45,1
DA:48,0
DA:49,0
LF:16
LH:12
end_of_record
SF:lib/screens/hub/presentation/cubit/hub_state.dart
DA:4,5
DA:6,1
DA:7,1
DA:11,4
DA:15,1
DA:22,1
DA:24,1
DA:25,2
LF:8
LH:8
end_of_record
SF:lib/screens/onboarding/presentation/cubit/dynamic/dynamic_state.dart
DA:4,1
DA:6,1
DA:7,1
DA:16,1
DA:18,1
DA:19,2
DA:27,0
DA:29,0
DA:30,0
DA:37,0
DA:39,0
DA:40,0
LF:12
LH:6
end_of_record
SF:lib/screens/onboarding/presentation/cubit/dynamic/dynamic_cubit.dart
DA:14,0
DA:17,0
DA:18,0
DA:21,0
DA:23,0
DA:24,0
DA:26,0
DA:28,0
DA:29,0
DA:30,0
DA:33,0
DA:35,0
DA:39,0
DA:40,0
DA:41,0
DA:43,0
DA:45,0
DA:46,0
DA:47,0
DA:49,0
DA:50,0
DA:51,0
DA:55,0
DA:56,0
DA:58,0
DA:61,0
DA:67,0
DA:69,0
DA:70,0
DA:72,0
DA:75,0
DA:77,0
LF:32
LH:0
end_of_record
SF:lib/screens/onboarding/presentation/cubit/login/login_state.dart
DA:4,4
DA:6,0
DA:7,0
DA:11,4
DA:15,4
DA:19,4
DA:24,4
DA:29,4
LF:8
LH:6
end_of_record
SF:lib/screens/onboarding/presentation/cubit/login/login_cubit.dart
DA:12,0
DA:30,0
DA:31,0
DA:33,0
DA:36,0
DA:38,0
DA:39,0
DA:40,0
DA:42,0
DA:44,0
DA:47,0
DA:48,0
DA:53,0
DA:54,0
DA:55,0
DA:58,0
DA:59,0
DA:63,0
DA:64,0
DA:67,0
DA:72,0
DA:74,0
DA:78,0
DA:79,0
DA:80,0
DA:81,0
LF:26
LH:0
end_of_record
SF:lib/screens/onboarding/presentation/cubit/login/study_login_state.dart
DA:4,5
DA:6,0
DA:7,0
DA:11,4
DA:15,4
DA:20,1
DA:22,1
DA:23,2
DA:28,4
DA:30,1
DA:31,2
LF:11
LH:9
end_of_record
SF:lib/screens/onboarding/presentation/cubit/login/study_login_cubit.dart
DA:11,0
DA:14,0
DA:15,0
DA:17,0
DA:19,0
DA:21,0
DA:25,0
DA:29,0
DA:30,0
DA:31,0
LF:10
LH:0
end_of_record
SF:lib/screens/onboarding/presentation/cubit/setup/setup_state.dart
DA:4,5
DA:6,1
DA:7,1
DA:11,4
DA:15,4
DA:20,1
DA:25,4
DA:29,4
LF:8
LH:8
end_of_record
SF:lib/screens/onboarding/presentation/cubit/setup/setup_cubit.dart
DA:13,0
DA:26,0
DA:27,0
DA:29,0
DA:30,0
DA:32,0
DA:33,0
DA:34,0
DA:35,0
DA:51,0
DA:52,0
DA:54,0
DA:55,0
DA:57,0
DA:58,0
DA:60,0
LF:16
LH:0
end_of_record
SF:lib/screens/settings/cubit/settings_cubit.dart
DA:14,0
DA:18,0
DA:19,0
DA:21,0
DA:22,0
DA:23,0
DA:25,0
DA:26,0
DA:27,0
DA:28,0
DA:30,0
DA:32,0
DA:36,0
DA:38,0
DA:39,0
DA:40,0
DA:42,0
DA:44,0
DA:45,0
DA:46,0
DA:50,0
DA:51,0
LF:22
LH:0
end_of_record
SF:lib/screens/settings/cubit/settings_state.dart
DA:4,2
DA:6,1
DA:7,1
DA:17,1
DA:20,1
DA:21,3
DA:26,1
DA:28,1
DA:29,2
LF:9
LH:9
end_of_record
SF:lib/screens/settings/presentation/settings.dart
DA:21,4
DA:23,1
DA:24,1
DA:38,1
DA:40,1
DA:41,2
DA:42,1
DA:43,1
DA:44,1
DA:45,1
DA:48,1
DA:49,1
DA:50,1
DA:51,2
DA:52,1
DA:57,0
DA:59,0
DA:60,0
DA:61,0
DA:65,1
DA:67,2
DA:68,1
DA:71,1
DA:72,1
DA:73,2
DA:74,2
DA:78,1
DA:79,1
DA:80,2
DA:81,2
DA:85,0
DA:86,0
DA:87,0
DA:89,0
DA:90,0
DA:91,0
DA:92,0
DA:98,1
DA:100,3
DA:101,1
DA:103,1
DA:106,1
DA:108,1
DA:109,1
DA:118,1
DA:119,2
DA:120,1
DA:124,2
DA:137,1
DA:139,1
DA:140,1
DA:142,1
DA:143,1
DA:147,1
DA:150,1
DA:151,1
DA:153,1
DA:154,1
DA:155,1
DA:158,1
DA:160,1
DA:161,1
DA:163,1
DA:164,1
DA:170,1
DA:173,1
DA:175,1
DA:177,1
DA:178,1
DA:186,1
DA:188,1
DA:190,1
DA:201,1
DA:204,1
DA:206,1
DA:207,1
DA:209,2
DA:212,1
DA:214,2
DA:220,1
DA:224,1
DA:225,1
DA:227,1
DA:228,0
DA:232,2
DA:233,1
DA:235,1
DA:236,1
DA:242,1
DA:254,1
DA:256,1
DA:257,1
DA:259,1
DA:260,1
DA:264,1
DA:265,1
DA:266,1
DA:268,1
DA:269,1
DA:270,1
DA:274,1
DA:276,1
DA:277,1
DA:278,1
DA:284,1
DA:287,1
DA:289,1
DA:291,1
DA:292,1
DA:300,1
DA:302,1
DA:304,1
DA:314,1
DA:315,1
DA:317,1
DA:318,1
DA:320,2
DA:323,1
DA:325,2
DA:328,1
DA:329,0
DA:330,0
DA:332,1
DA:334,2
DA:344,1
DA:345,1
DA:346,1
DA:348,1
DA:351,1
DA:355,0
DA:357,1
DA:363,1
DA:365,1
DA:366,1
DA:367,1
DA:368,2
DA:369,1
DA:370,1
DA:373,1
DA:374,1
DA:380,1
DA:381,1
DA:382,1
DA:383,1
DA:389,1
DA:391,1
DA:392,1
DA:403,0
DA:404,0
DA:406,0
DA:407,0
DA:408,0
DA:410,0
DA:414,0
DA:415,0
DA:418,0
DA:419,0
DA:420,0
DA:422,0
DA:429,0
DA:430,0
DA:432,0
DA:433,0
DA:434,0
DA:436,0
DA:438,0
DA:440,0
DA:442,0
DA:445,0
DA:455,0
DA:456,0
DA:457,0
DA:458,0
DA:460,0
DA:461,0
DA:462,0
DA:463,0
LF:177
LH:132
end_of_record
SF:lib/services/route_service.dart
DA:37,1
DA:40,0
DA:41,0
DA:126,1
DA:127,2
DA:130,2
DA:133,0
DA:136,2
DA:137,2
DA:138,2
DA:139,2
DA:140,2
DA:141,2
DA:142,2
DA:143,2
DA:146,1
DA:147,1
DA:148,1
DA:149,1
DA:150,1
DA:152,1
DA:153,1
DA:156,2
DA:157,1
DA:159,2
DA:170,2
DA:194,0
DA:196,0
DA:199,0
DA:204,0
DA:205,0
DA:206,0
DA:207,0
DA:208,0
DA:209,0
DA:210,0
DA:212,0
DA:217,0
DA:218,0
DA:219,0
DA:220,0
DA:225,0
DA:231,0
DA:234,0
DA:235,0
DA:236,0
DA:238,0
DA:239,0
DA:240,0
DA:243,0
DA:245,0
DA:246,0
DA:248,0
DA:249,0
DA:252,0
DA:255,0
DA:256,0
DA:257,0
DA:259,0
DA:260,0
DA:261,0
DA:264,0
DA:265,0
DA:266,0
DA:268,0
DA:269,0
DA:270,0
DA:273,0
DA:274,0
DA:275,0
DA:277,0
DA:278,0
DA:279,0
DA:282,0
DA:283,0
DA:284,0
DA:286,0
DA:287,0
DA:288,0
DA:291,0
DA:292,0
DA:293,0
DA:295,0
DA:296,0
DA:297,0
DA:300,0
DA:301,0
DA:302,0
DA:304,0
DA:305,0
DA:306,0
DA:309,0
DA:310,0
DA:311,0
DA:313,0
DA:314,0
DA:315,0
DA:318,0
DA:319,0
DA:320,0
DA:322,0
DA:323,0
DA:324,0
DA:327,0
DA:328,0
DA:329,0
DA:331,0
DA:332,0
DA:333,0
DA:334,0
DA:338,0
DA:339,0
DA:340,0
DA:342,0
DA:343,0
DA:344,0
DA:347,0
DA:348,0
DA:349,0
DA:351,0
DA:352,0
DA:353,0
DA:356,0
DA:357,0
DA:359,0
DA:360,0
DA:361,0
DA:366,0
DA:369,0
DA:370,0
DA:371,0
DA:372,0
DA:374,0
DA:375,0
DA:376,0
DA:379,0
DA:381,0
DA:382,0
DA:383,0
DA:387,0
DA:390,0
DA:393,0
DA:398,0
DA:399,0
DA:400,0
DA:401,0
DA:402,0
DA:403,0
DA:404,0
DA:406,0
DA:407,0
DA:410,0
DA:411,0
DA:412,0
DA:413,0
DA:415,0
DA:419,0
DA:425,0
DA:426,0
DA:427,0
DA:429,0
DA:430,0
DA:431,0
DA:432,0
DA:433,0
DA:436,0
DA:437,0
DA:438,0
DA:440,0
DA:441,0
DA:443,0
DA:444,0
DA:447,0
DA:448,0
DA:449,0
DA:450,0
DA:453,0
DA:454,0
DA:455,0
DA:456,0
DA:459,0
DA:460,0
DA:461,0
DA:462,0
DA:465,0
DA:466,0
DA:467,0
DA:468,0
DA:471,0
DA:472,0
DA:473,0
DA:476,0
DA:477,0
DA:478,0
DA:479,0
DA:485,0
DA:486,0
DA:489,0
DA:490,0
DA:491,0
DA:492,0
DA:495,0
DA:496,0
DA:497,0
DA:498,0
DA:501,0
DA:502,0
DA:503,0
DA:504,0
DA:507,0
DA:508,0
DA:509,0
DA:510,0
DA:513,0
DA:514,0
DA:515,0
DA:516,0
DA:525,0
DA:528,0
DA:530,0
DA:532,0
DA:533,0
DA:539,0
DA:540,0
DA:542,0
DA:587,0
DA:590,0
DA:603,0
DA:605,0
DA:607,0
DA:622,0
DA:624,0
DA:625,0
DA:639,0
DA:641,0
DA:643,0
DA:658,0
DA:660,0
DA:662,0
DA:684,0
DA:686,0
DA:688,0
DA:690,0
DA:694,0
DA:726,0
DA:727,0
DA:728,0
DA:732,0
DA:733,0
DA:736,0
DA:738,0
DA:762,0
DA:763,0
LF:253
LH:23
end_of_record
SF:lib/screens/diary/presentation/pages/diaries.dart
DA:9,4
DA:11,0
DA:12,0
DA:18,0
DA:20,0
DA:21,0
DA:24,0
DA:26,0
DA:28,0
DA:31,0
DA:33,0
DA:34,0
LF:12
LH:1
end_of_record
SF:lib/screens/diary/presentation/pages/diarysummary.dart
DA:41,0
DA:46,0
DA:47,0
DA:59,0
DA:61,0
DA:62,0
DA:63,0
DA:64,0
DA:65,0
DA:68,0
DA:70,0
DA:71,0
DA:72,0
DA:75,0
DA:78,0
DA:79,0
DA:80,0
DA:82,0
DA:83,0
DA:86,0
DA:89,0
DA:91,0
DA:92,0
DA:93,0
DA:95,0
DA:97,0
DA:101,0
DA:102,0
DA:103,0
DA:104,0
DA:105,0
DA:107,0
DA:109,0
DA:112,0
DA:118,0
DA:119,0
DA:120,0
DA:122,0
DA:130,0
DA:136,0
DA:138,0
DA:139,0
DA:143,0
DA:144,0
DA:145,0
DA:146,0
DA:147,0
DA:148,0
DA:149,0
DA:150,0
DA:151,0
DA:152,0
DA:153,0
DA:154,0
DA:155,0
DA:158,0
DA:159,0
DA:160,0
DA:161,0
DA:162,0
DA:163,0
DA:164,0
DA:167,0
DA:169,0
DA:170,0
DA:171,0
DA:172,0
DA:173,0
DA:174,0
DA:175,0
DA:182,0
DA:186,0
DA:190,0
DA:191,0
DA:194,0
DA:198,0
DA:199,0
DA:200,0
DA:201,0
DA:206,0
DA:207,0
DA:209,0
DA:212,0
DA:214,0
DA:215,0
DA:217,0
DA:218,0
DA:219,0
DA:226,0
DA:234,0
DA:235,0
DA:238,0
DA:239,0
DA:240,0
DA:241,0
DA:243,0
DA:244,0
DA:245,0
DA:246,0
DA:247,0
DA:249,0
DA:252,0
DA:253,0
DA:254,0
DA:260,0
DA:264,0
DA:269,0
DA:270,0
DA:281,0
DA:282,0
DA:284,0
DA:285,0
DA:287,0
DA:288,0
DA:290,0
DA:291,0
DA:292,0
DA:295,0
DA:296,0
DA:297,0
DA:298,0
DA:299,0
DA:300,0
DA:305,0
DA:306,0
DA:307,0
DA:308,0
DA:310,0
DA:311,0
DA:312,0
DA:313,0
DA:314,0
DA:315,0
DA:322,0
DA:343,0
DA:344,0
DA:345,0
DA:347,0
DA:348,0
DA:349,0
DA:350,0
DA:358,0
DA:359,0
DA:360,0
DA:361,0
DA:362,0
DA:364,0
DA:365,0
DA:366,0
DA:367,0
DA:369,0
DA:373,0
DA:374,0
DA:375,0
DA:376,0
DA:379,0
DA:380,0
DA:381,0
DA:382,0
DA:385,0
DA:386,0
DA:387,0
DA:388,0
DA:389,0
DA:392,0
DA:393,0
DA:394,0
DA:396,0
DA:397,0
DA:398,0
DA:399,0
DA:401,0
DA:405,0
DA:406,0
DA:407,0
DA:423,0
DA:424,0
DA:426,0
DA:429,0
DA:430,0
DA:431,0
DA:433,0
DA:434,0
DA:435,0
DA:436,0
DA:437,0
DA:438,0
DA:440,0
DA:444,0
DA:445,0
DA:446,0
DA:447,0
DA:467,0
DA:468,0
DA:471,0
DA:472,0
DA:473,0
DA:474,0
DA:476,0
DA:477,0
DA:478,0
DA:479,0
DA:481,0
DA:485,0
DA:486,0
DA:487,0
DA:503,0
DA:504,0
DA:505,0
DA:507,0
DA:508,0
DA:512,0
DA:513,0
DA:516,0
DA:517,0
DA:522,0
DA:525,0
DA:526,0
DA:527,0
DA:528,0
DA:533,0
DA:537,0
DA:538,0
DA:541,0
DA:542,0
DA:547,0
DA:550,0
DA:551,0
DA:552,0
DA:553,0
DA:559,0
DA:560,0
DA:561,0
DA:562,0
DA:563,0
DA:565,0
DA:566,0
DA:567,0
DA:573,0
DA:574,0
DA:575,0
DA:576,0
DA:578,0
DA:581,0
DA:582,0
DA:583,0
DA:584,0
DA:585,0
DA:593,0
DA:594,0
DA:595,0
DA:597,0
DA:598,0
DA:599,0
DA:602,0
DA:604,0
DA:607,0
DA:608,0
DA:609,0
DA:610,0
DA:611,0
DA:612,0
DA:625,0
DA:626,0
DA:629,0
DA:630,0
DA:631,0
DA:632,0
DA:633,0
DA:634,0
DA:641,0
DA:642,0
DA:643,0
DA:647,0
DA:648,0
DA:655,0
DA:656,0
DA:660,0
DA:661,0
DA:663,0
DA:664,0
DA:665,0
DA:666,0
DA:667,0
DA:668,0
DA:670,0
DA:671,0
DA:672,0
DA:678,0
DA:679,0
DA:682,0
DA:684,0
DA:687,0
DA:688,0
DA:694,0
DA:695,0
DA:696,0
DA:699,0
DA:700,0
DA:701,0
DA:704,0
DA:706,0
DA:707,0
DA:708,0
DA:709,0
DA:711,0
DA:712,0
DA:713,0
DA:714,0
DA:716,0
DA:717,0
DA:718,0
DA:720,0
DA:722,0
DA:723,0
DA:727,0
DA:728,0
DA:729,0
DA:730,0
DA:731,0
DA:732,0
DA:733,0
DA:734,0
DA:741,0
DA:742,0
DA:743,0
DA:744,0
DA:745,0
DA:749,0
DA:755,0
DA:756,0
DA:758,0
DA:769,0
DA:770,0
DA:771,0
DA:773,0
DA:775,0
DA:776,0
DA:777,0
LF:339
LH:0
end_of_record
SF:lib/screens/home/presentation/cubit/cubit/home_state.dart
DA:4,6
DA:6,1
DA:7,1
DA:11,5
DA:15,5
DA:26,2
DA:35,8
DA:36,6
DA:37,4
DA:38,6
DA:39,4
DA:40,6
DA:42,1
DA:43,1
DA:44,1
DA:45,1
DA:46,1
DA:47,1
DA:48,1
DA:49,1
DA:55,4
DA:57,1
DA:58,2
LF:23
LH:23
end_of_record
SF:lib/screens/home/presentation/cubit/cubit/home_cubit.dart
DA:26,1
DA:29,0
DA:30,0
DA:31,1
DA:45,1
DA:47,1
DA:49,1
DA:50,1
DA:53,2
DA:54,1
DA:55,1
DA:56,1
DA:57,1
DA:60,1
DA:61,1
DA:62,1
DA:63,1
DA:66,1
DA:67,1
DA:68,2
DA:70,2
DA:74,1
DA:79,3
DA:80,1
DA:81,1
DA:82,2
DA:83,1
DA:84,1
DA:85,1
DA:88,1
DA:93,1
DA:95,4
DA:96,4
DA:99,4
DA:100,1
DA:102,1
DA:106,1
DA:107,2
DA:109,1
DA:110,3
DA:113,1
DA:116,5
DA:117,2
DA:119,1
DA:123,1
DA:125,4
DA:126,2
DA:127,2
DA:128,2
DA:131,5
DA:132,2
DA:134,1
DA:139,1
DA:140,2
DA:144,1
DA:145,1
DA:148,1
DA:150,3
DA:152,1
DA:154,3
DA:156,1
DA:158,2
DA:160,1
DA:162,2
DA:164,1
DA:165,2
DA:167,2
DA:168,1
DA:169,5
DA:170,5
DA:171,5
DA:172,1
DA:175,2
DA:177,2
DA:178,3
DA:179,2
DA:180,1
DA:181,5
DA:186,1
DA:188,2
DA:193,1
DA:194,1
DA:195,1
DA:196,5
DA:197,1
DA:206,2
DA:214,2
DA:224,1
DA:226,1
DA:227,1
DA:228,2
DA:229,2
LF:92
LH:90
end_of_record
SF:lib/screens/diary/domain/entities/recording.dart
DA:18,1
LF:1
LH:1
end_of_record
SF:lib/screens/diary/data/bulk_submission.dart
DA:10,2
DA:15,1
DA:16,1
DA:17,1
DA:18,1
DA:19,0
LF:6
LH:5
end_of_record
SF:lib/screens/diary/data/diary_blueprint.dart
DA:18,0
DA:30,0
DA:31,0
DA:32,0
DA:33,0
DA:34,0
DA:35,0
DA:36,0
DA:37,0
DA:38,0
DA:40,0
DA:41,0
DA:42,0
DA:46,0
DA:47,0
DA:48,0
DA:49,0
DA:50,0
DA:51,0
DA:52,0
DA:53,0
DA:54,0
DA:56,0
LF:23
LH:0
end_of_record
SF:lib/screens/diary/data/question.dart
DA:16,0
DA:27,0
DA:28,0
DA:29,0
DA:30,0
DA:31,0
DA:32,0
DA:34,0
DA:35,0
DA:36,0
DA:37,0
DA:41,0
DA:42,0
DA:43,0
DA:44,0
DA:45,0
DA:46,0
DA:47,0
DA:48,0
DA:49,0
DA:50,0
LF:21
LH:0
end_of_record
SF:lib/screens/diary/data/tip.dart
DA:5,0
LF:1
LH:0
end_of_record
SF:lib/screens/diary/data/protocol.dart
DA:12,0
DA:19,0
DA:20,0
DA:21,0
DA:22,0
DA:24,0
DA:25,0
DA:26,0
DA:27,0
DA:38,0
DA:39,0
DA:40,0
DA:41,0
DA:42,0
DA:43,0
DA:44,0
DA:45,0
DA:46,0
DA:49,0
DA:55,0
DA:56,0
DA:57,0
DA:58,0
DA:59,0
LF:24
LH:0
end_of_record
SF:lib/screens/diary/domain/repository/answer_repository.dart
DA:34,0
DA:35,0
DA:38,0
DA:39,0
DA:40,0
DA:41,0
DA:63,0
DA:67,0
DA:70,0
DA:72,0
DA:73,0
DA:76,0
DA:77,0
DA:78,0
DA:81,0
DA:82,0
DA:85,0
DA:90,0
DA:114,0
DA:116,0
DA:120,0
DA:126,0
DA:130,0
DA:131,0
DA:136,0
DA:137,0
DA:139,0
DA:140,0
DA:146,0
DA:147,0
DA:148,0
DA:149,0
DA:153,0
DA:154,0
LF:34
LH:0
end_of_record
SF:lib/screens/diary/domain/repository/summary_repository.dart
DA:40,0
DA:42,0
DA:43,0
DA:44,0
DA:46,0
DA:47,0
DA:49,0
DA:52,0
DA:53,0
DA:54,0
DA:56,0
DA:57,0
DA:60,0
DA:62,0
DA:79,0
DA:81,0
DA:83,0
DA:99,0
DA:101,0
DA:104,0
DA:121,0
DA:123,0
DA:126,0
DA:127,0
DA:128,0
DA:136,0
DA:139,0
DA:140,0
DA:141,0
DA:142,0
DA:143,0
DA:144,0
DA:146,0
DA:147,0
DA:150,0
DA:151,0
DA:152,0
DA:154,0
DA:155,0
DA:159,0
DA:163,0
DA:164,0
DA:165,0
DA:166,0
DA:168,0
DA:169,0
DA:175,0
DA:177,0
DA:178,0
DA:179,0
DA:180,0
DA:181,0
DA:196,0
DA:197,0
DA:198,0
DA:199,0
DA:200,0
DA:202,0
DA:203,0
DA:204,0
DA:211,0
DA:212,0
DA:213,0
DA:214,0
DA:219,0
DA:220,0
DA:221,0
DA:225,0
DA:226,0
DA:228,0
LF:70
LH:0
end_of_record
SF:lib/screens/diary/presentation/pages/bulk_submission.dart
DA:19,1
DA:21,1
DA:22,1
DA:33,1
DA:35,3
DA:36,3
DA:37,4
DA:38,1
DA:41,1
DA:43,1
DA:44,1
DA:45,1
DA:47,1
DA:51,1
DA:53,1
DA:54,1
DA:58,1
DA:59,1
DA:61,1
DA:63,1
DA:64,1
DA:65,1
DA:66,1
DA:67,1
DA:68,2
DA:69,1
DA:70,2
DA:73,1
DA:74,1
DA:75,1
DA:76,0
DA:77,0
DA:78,0
DA:81,0
DA:82,0
DA:84,1
DA:85,1
DA:86,2
DA:87,1
DA:88,1
DA:89,2
DA:94,1
DA:95,1
DA:96,0
DA:97,0
DA:99,0
DA:100,0
DA:101,0
DA:102,0
DA:115,1
DA:116,1
DA:117,1
DA:120,3
DA:125,1
DA:126,1
DA:128,1
DA:130,1
DA:131,1
DA:132,1
DA:133,1
DA:135,1
DA:136,1
DA:137,1
DA:138,1
DA:144,1
DA:145,4
DA:149,1
DA:150,1
DA:152,2
DA:158,1
DA:160,2
DA:162,1
DA:165,1
DA:167,1
DA:168,1
DA:169,1
DA:172,1
DA:174,1
DA:175,1
DA:177,1
DA:178,1
DA:179,1
DA:184,1
DA:189,1
DA:190,1
DA:192,1
DA:195,1
DA:196,1
DA:197,1
DA:199,2
DA:201,1
DA:203,1
DA:204,1
DA:205,1
DA:206,1
DA:208,1
DA:209,1
DA:210,2
DA:219,1
DA:220,1
DA:222,1
DA:223,2
DA:229,2
DA:230,1
DA:232,1
DA:233,1
DA:244,1
DA:245,2
DA:246,1
DA:247,1
DA:249,2
DA:252,0
DA:253,0
DA:256,0
DA:257,0
DA:258,0
DA:262,0
DA:263,0
DA:265,0
DA:268,0
DA:270,0
DA:271,0
DA:273,0
DA:274,0
DA:275,0
LF:125
LH:100
end_of_record
SF:lib/screens/diary/presentation/pages/diarycompletion.dart
DA:16,4
DA:18,0
DA:19,0
DA:26,0
DA:28,0
DA:30,0
DA:33,0
DA:35,0
DA:36,0
DA:39,0
DA:41,0
DA:42,0
DA:44,0
DA:45,0
DA:47,0
DA:48,0
DA:49,0
DA:50,0
DA:52,0
DA:54,0
DA:55,0
DA:57,0
DA:60,0
DA:61,0
DA:62,0
DA:63,0
DA:65,0
DA:66,0
DA:81,0
DA:82,0
DA:83,0
DA:84,0
DA:87,0
DA:88,0
DA:89,0
DA:93,0
DA:96,0
DA:97,0
DA:98,0
DA:100,0
DA:101,0
DA:103,0
DA:109,0
DA:111,0
DA:117,0
DA:131,0
DA:134,0
DA:135,0
DA:136,0
DA:138,0
DA:139,0
DA:140,0
DA:141,0
LF:53
LH:1
end_of_record
SF:lib/screens/diary/presentation/widgets/circle_transition_clipper.dart
DA:7,0
DA:9,0
DA:11,0
DA:14,0
LF:4
LH:0
end_of_record
SF:lib/theme/components/buttons.dart
DA:29,1
DA:39,1
DA:41,1
DA:43,1
DA:45,1
DA:46,1
DA:47,2
DA:48,1
DA:49,1
DA:59,1
DA:60,1
DA:61,1
DA:63,1
DA:64,4
DA:66,1
DA:69,1
DA:70,3
DA:71,2
DA:72,1
DA:74,1
DA:112,0
DA:123,0
DA:125,0
DA:127,0
DA:129,0
DA:130,0
DA:131,0
DA:132,0
DA:133,0
DA:134,0
DA:135,0
DA:136,0
DA:138,0
DA:143,0
DA:144,0
DA:145,0
DA:147,0
DA:148,0
DA:150,0
DA:153,0
DA:154,0
DA:155,0
DA:156,0
DA:178,0
DA:192,0
DA:194,0
DA:195,0
DA:196,0
DA:198,0
DA:200,0
DA:201,0
DA:202,0
DA:203,0
DA:204,0
DA:205,0
DA:206,0
DA:207,0
DA:209,0
DA:214,0
DA:215,0
DA:216,0
DA:218,0
DA:219,0
DA:221,0
DA:224,0
DA:225,0
DA:227,0
DA:228,0
DA:232,0
DA:233,0
DA:234,0
DA:236,0
DA:265,2
DA:277,2
DA:279,2
DA:281,2
DA:283,2
DA:284,2
DA:285,4
DA:286,2
DA:288,2
DA:289,4
DA:292,2
DA:293,2
DA:294,4
DA:295,4
DA:296,2
DA:298,0
DA:299,0
DA:301,2
DA:304,2
DA:305,6
DA:306,4
DA:307,4
DA:308,4
DA:332,0
DA:340,0
DA:342,0
DA:343,0
DA:345,0
DA:346,0
DA:348,0
DA:350,0
DA:352,0
DA:354,0
DA:355,0
DA:356,0
DA:370,0
DA:373,0
DA:375,0
DA:377,0
DA:378,0
DA:379,0
DA:380,0
DA:381,0
DA:383,0
DA:385,0
DA:386,0
DA:389,0
DA:391,0
DA:392,0
DA:394,0
DA:399,0
DA:403,0
DA:404,0
DA:405,0
DA:412,0
DA:422,0
DA:423,0
DA:425,0
DA:426,0
DA:440,0
DA:443,0
DA:445,0
DA:447,0
DA:449,0
DA:450,0
DA:452,0
DA:453,0
DA:456,0
DA:457,0
DA:458,0
DA:459,0
DA:461,0
DA:464,0
DA:465,0
DA:466,0
DA:468,0
DA:473,0
DA:474,0
DA:475,0
DA:476,0
DA:477,0
DA:493,0
DA:496,0
DA:498,0
DA:500,0
DA:502,0
DA:503,0
DA:505,0
DA:506,0
DA:509,0
DA:510,0
DA:511,0
DA:512,0
DA:514,0
DA:517,0
DA:518,0
DA:519,0
DA:521,0
DA:540,2
DA:551,2
DA:553,2
DA:555,2
DA:556,2
DA:557,2
DA:558,4
DA:559,4
DA:562,2
DA:563,2
DA:564,5
DA:565,2
DA:566,2
DA:567,4
LF:184
LH:55
end_of_record
SF:lib/theme/components/cards.dart
DA:39,0
DA:45,0
DA:46,0
DA:57,0
DA:59,0
DA:60,0
DA:61,0
DA:64,0
DA:65,0
DA:66,0
DA:67,0
DA:68,0
DA:69,0
DA:70,0
DA:75,0
DA:76,0
DA:78,0
DA:80,0
DA:83,0
DA:84,0
DA:85,0
DA:86,0
DA:92,0
DA:93,0
DA:96,0
DA:97,0
DA:98,0
DA:102,0
DA:103,0
DA:104,0
DA:105,0
DA:109,0
DA:112,0
DA:118,0
DA:120,0
DA:121,0
DA:123,0
DA:124,0
DA:127,0
DA:133,0
DA:135,0
DA:136,0
DA:139,0
DA:141,0
DA:142,0
DA:143,0
DA:144,0
DA:145,0
DA:147,0
DA:148,0
DA:149,0
DA:150,0
DA:163,0
DA:167,0
DA:169,0
DA:171,0
DA:172,0
DA:173,0
DA:174,0
DA:176,0
DA:179,0
DA:180,0
DA:191,0
DA:192,0
DA:193,0
DA:194,0
DA:195,0
DA:196,0
DA:197,0
DA:198,0
DA:199,0
DA:200,0
DA:201,0
DA:202,0
DA:205,0
DA:206,0
DA:207,0
DA:210,0
DA:212,0
DA:213,0
DA:214,0
DA:216,0
DA:217,0
DA:222,0
DA:223,0
DA:225,0
DA:226,0
DA:227,0
DA:229,0
DA:230,0
DA:233,0
DA:238,0
DA:239,0
DA:240,0
DA:241,0
DA:243,0
DA:244,0
DA:245,0
DA:248,0
DA:249,0
DA:250,0
DA:251,0
DA:253,0
DA:254,0
DA:255,0
DA:256,0
DA:259,0
DA:260,0
DA:261,0
DA:262,0
DA:270,0
DA:272,0
DA:274,0
DA:276,0
DA:278,0
DA:280,0
DA:288,0
DA:290,0
DA:296,0
DA:297,0
DA:302,0
DA:307,0
DA:312,0
DA:324,0
DA:327,0
DA:328,0
DA:336,0
DA:337,0
DA:338,0
DA:350,0
DA:352,0
DA:353,0
DA:357,0
DA:359,0
DA:360,0
DA:361,0
DA:363,0
DA:364,0
DA:365,0
DA:367,0
DA:369,0
DA:370,0
DA:371,0
DA:372,0
DA:374,0
DA:375,0
DA:376,0
DA:377,0
DA:378,0
DA:379,0
DA:386,0
DA:387,0
DA:394,0
DA:395,0
DA:396,0
DA:399,0
DA:427,0
DA:437,0
DA:438,0
DA:449,0
DA:451,0
DA:452,0
DA:455,0
DA:457,0
DA:458,0
DA:461,0
DA:463,0
DA:464,0
DA:465,0
DA:466,0
DA:469,0
DA:471,0
DA:472,0
DA:473,0
DA:475,0
DA:477,0
DA:478,0
DA:491,0
DA:492,0
DA:493,0
DA:494,0
DA:495,0
DA:496,0
DA:497,0
DA:498,0
DA:504,0
DA:507,0
DA:508,0
DA:516,0
DA:525,0
DA:526,0
DA:528,0
DA:529,0
DA:530,0
DA:531,0
DA:536,0
DA:540,0
DA:541,0
DA:542,0
DA:543,0
DA:544,0
DA:549,0
DA:550,0
DA:559,0
DA:560,0
DA:561,0
DA:562,0
DA:563,0
DA:565,0
DA:566,0
DA:567,0
DA:568,0
DA:569,0
DA:571,0
DA:577,0
DA:578,0
DA:579,0
DA:587,0
DA:588,0
DA:589,0
DA:590,0
DA:592,0
DA:593,0
DA:600,0
DA:601,0
DA:602,0
DA:603,0
DA:604,0
DA:607,0
DA:609,0
DA:610,0
DA:611,0
DA:618,0
DA:619,0
DA:620,0
DA:621,0
DA:623,0
DA:624,0
DA:625,0
DA:626,0
DA:627,0
DA:630,0
DA:631,0
DA:633,0
DA:635,0
DA:636,0
DA:638,0
DA:639,0
DA:640,0
DA:641,0
DA:642,0
DA:644,0
DA:645,0
DA:646,0
DA:652,0
DA:653,0
DA:654,0
DA:656,0
DA:657,0
DA:658,0
DA:659,0
DA:661,0
DA:667,0
DA:668,0
DA:669,0
DA:671,0
DA:672,0
DA:673,0
DA:674,0
DA:683,0
DA:684,0
DA:686,0
DA:688,0
DA:689,0
DA:690,0
DA:692,0
DA:693,0
DA:694,0
DA:695,0
DA:707,0
DA:708,0
DA:710,0
DA:711,0
DA:712,0
DA:713,0
DA:714,0
DA:718,0
DA:719,0
DA:722,0
DA:723,0
DA:726,0
DA:727,0
DA:730,0
DA:731,0
DA:734,0
DA:735,0
DA:738,0
DA:739,0
DA:742,0
DA:743,0
DA:744,0
DA:746,0
DA:747,0
DA:751,0
DA:752,0
DA:753,0
DA:754,0
DA:755,0
DA:756,0
DA:757,0
DA:759,0
DA:760,0
DA:761,0
DA:762,0
DA:766,0
DA:767,0
DA:768,0
DA:769,0
DA:773,0
DA:774,0
DA:775,0
DA:776,0
DA:777,0
DA:792,0
DA:801,0
DA:802,0
DA:812,0
DA:814,0
DA:815,0
DA:818,0
DA:820,0
DA:821,0
DA:824,0
DA:826,0
DA:827,0
DA:830,0
DA:832,0
DA:833,0
DA:836,0
DA:837,0
DA:838,0
DA:846,0
DA:847,0
DA:848,0
DA:849,0
DA:850,0
DA:858,0
DA:859,0
DA:861,0
DA:862,0
DA:863,0
DA:865,0
DA:868,0
DA:869,0
DA:870,0
DA:871,0
DA:873,0
DA:874,0
DA:875,0
DA:876,0
DA:882,0
DA:888,0
DA:889,0
DA:891,0
DA:892,0
DA:893,0
DA:894,0
DA:895,0
DA:899,0
DA:901,0
DA:905,0
DA:906,0
DA:907,0
DA:912,0
DA:913,0
DA:917,0
DA:918,0
DA:919,0
DA:920,0
DA:921,0
DA:922,0
DA:928,0
DA:929,0
DA:930,0
DA:931,0
DA:932,0
DA:939,0
DA:940,0
DA:941,0
DA:942,0
DA:943,0
DA:944,0
DA:945,0
DA:947,0
DA:948,0
DA:949,0
DA:950,0
DA:954,0
DA:955,0
DA:956,0
DA:957,0
DA:961,0
DA:962,0
DA:963,0
DA:964,0
DA:965,0
DA:982,0
DA:991,0
DA:992,0
DA:996,0
DA:998,0
DA:999,0
DA:1002,0
DA:1004,0
DA:1005,0
DA:1008,0
DA:1009,0
DA:1010,0
DA:1011,0
DA:1012,0
DA:1016,0
DA:1017,0
DA:1018,0
DA:1019,0
DA:1020,0
DA:1027,0
DA:1028,0
DA:1029,0
DA:1030,0
DA:1031,0
DA:1037,0
DA:1042,0
DA:1044,0
DA:1050,0
DA:1051,0
DA:1052,0
DA:1057,0
DA:1058,0
DA:1071,0
DA:1073,0
DA:1074,0
DA:1080,0
DA:1082,0
DA:1083,0
DA:1084,0
DA:1085,0
DA:1087,0
DA:1088,0
DA:1090,0
DA:1091,0
DA:1104,0
DA:1106,0
DA:1107,0
DA:1108,0
DA:1110,0
DA:1111,0
DA:1112,0
DA:1113,0
DA:1118,0
DA:1120,0
DA:1125,0
DA:1126,0
DA:1127,0
DA:1128,0
DA:1129,0
DA:1134,0
DA:1136,0
DA:1147,0
DA:1150,0
DA:1151,0
DA:1152,0
DA:1154,0
DA:1155,0
DA:1158,0
DA:1159,0
DA:1164,0
DA:1166,0
DA:1167,0
DA:1168,0
DA:1169,0
DA:1171,0
DA:1173,0
DA:1174,0
DA:1175,0
DA:1178,0
DA:1179,0
DA:1180,0
DA:1181,0
DA:1182,0
DA:1184,0
DA:1185,0
DA:1186,0
DA:1209,0
DA:1212,0
DA:1214,0
DA:1215,0
DA:1216,0
DA:1218,0
DA:1223,0
DA:1224,0
DA:1226,0
DA:1229,0
DA:1230,0
DA:1237,0
DA:1239,0
DA:1241,0
DA:1244,0
DA:1246,0
DA:1247,0
DA:1248,0
DA:1251,0
DA:1253,0
DA:1254,0
DA:1256,0
DA:1257,0
DA:1258,0
DA:1262,0
DA:1263,0
DA:1265,0
DA:1268,0
DA:1269,0
DA:1270,0
DA:1272,0
DA:1274,0
DA:1276,0
DA:1277,0
DA:1278,0
DA:1279,0
DA:1281,0
DA:1282,0
DA:1283,0
DA:1292,0
DA:1294,0
DA:1295,0
DA:1301,0
DA:1302,0
DA:1303,0
DA:1305,0
DA:1315,0
DA:1316,0
DA:1318,0
DA:1319,0
DA:1320,0
DA:1325,4
DA:1327,0
DA:1329,0
DA:1331,0
DA:1334,0
DA:1335,0
DA:1336,0
DA:1337,0
DA:1338,0
DA:1341,0
DA:1343,0
DA:1344,0
DA:1346,0
DA:1347,0
DA:1352,0
DA:1353,0
DA:1355,0
DA:1358,0
DA:1359,0
DA:1361,0
DA:1364,0
DA:1366,0
DA:1367,0
DA:1368,0
DA:1369,0
DA:1371,0
DA:1373,0
DA:1393,1
DA:1399,1
DA:1401,1
DA:1409,1
DA:1411,4
DA:1412,4
DA:1413,1
DA:1416,1
DA:1418,1
DA:1419,1
DA:1421,1
DA:1422,1
DA:1423,1
DA:1424,1
DA:1437,1
DA:1441,1
DA:1443,1
DA:1445,1
DA:1446,1
DA:1447,1
DA:1448,1
DA:1450,1
DA:1453,2
DA:1454,2
DA:1457,1
DA:1463,0
DA:1468,0
DA:1480,1
DA:1481,1
DA:1483,1
DA:1484,4
DA:1485,2
DA:1487,1
DA:1488,3
DA:1491,3
DA:1496,1
DA:1497,2
DA:1498,1
DA:1501,1
DA:1502,1
DA:1503,3
DA:1504,2
DA:1506,1
DA:1508,1
DA:1509,1
DA:1515,0
DA:1516,0
DA:1517,0
DA:1519,0
DA:1520,0
DA:1521,0
DA:1528,0
DA:1530,0
DA:1532,0
DA:1533,0
DA:1536,0
DA:1537,0
DA:1538,0
DA:1539,0
DA:1540,0
DA:1543,0
DA:1545,0
DA:1546,0
DA:1549,0
DA:1551,0
DA:1552,0
DA:1554,0
DA:1557,0
DA:1558,0
DA:1560,0
DA:1561,0
DA:1563,0
DA:1564,0
DA:1565,0
DA:1566,0
DA:1567,0
DA:1569,0
DA:1571,0
DA:1572,0
DA:1597,0
DA:1611,0
DA:1613,0
DA:1614,0
DA:1615,0
DA:1618,0
DA:1619,0
DA:1620,0
DA:1624,0
DA:1625,0
DA:1627,0
DA:1628,0
DA:1631,0
DA:1632,0
DA:1634,0
DA:1636,0
DA:1637,0
DA:1639,0
DA:1641,0
DA:1645,0
DA:1646,0
DA:1647,0
DA:1648,0
DA:1649,0
DA:1650,0
DA:1654,0
DA:1658,0
DA:1659,0
DA:1660,0
DA:1661,0
DA:1662,0
DA:1668,0
DA:1669,0
DA:1670,0
DA:1671,0
DA:1672,0
DA:1673,0
DA:1678,0
DA:1679,0
DA:1681,0
DA:1682,0
DA:1683,0
DA:1686,0
DA:1695,0
DA:1696,0
DA:1697,0
DA:1698,0
DA:1701,0
DA:1708,0
DA:1713,0
DA:1716,0
DA:1718,0
DA:1721,0
DA:1723,0
DA:1725,0
DA:1728,0
DA:1730,0
DA:1731,0
DA:1733,0
DA:1739,0
DA:1740,0
DA:1742,0
DA:1745,0
DA:1746,0
DA:1748,0
DA:1749,0
DA:1751,0
DA:1754,0
DA:1762,0
DA:1764,0
DA:1765,0
DA:1771,0
DA:1772,0
DA:1775,0
LF:723
LH:44
end_of_record
SF:lib/screens/diary/presentation/widgets/diary_list.dart
DA:12,4
DA:14,0
DA:15,0
DA:23,0
DA:25,0
DA:26,0
DA:27,0
DA:28,0
DA:29,0
DA:32,0
DA:34,0
DA:35,0
DA:36,0
DA:39,0
DA:41,0
DA:42,0
DA:43,0
DA:47,0
DA:48,0
DA:49,0
DA:50,0
DA:51,0
DA:56,0
DA:57,0
DA:58,0
DA:59,0
DA:60,0
DA:63,0
DA:65,0
DA:66,0
DA:67,0
DA:68,0
DA:69,0
DA:70,0
DA:71,0
DA:72,0
DA:73,0
DA:74,0
DA:76,0
DA:77,0
DA:78,0
DA:83,0
DA:89,0
DA:90,0
DA:93,0
DA:95,0
DA:99,0
DA:107,0
DA:108,0
DA:111,0
DA:116,0
DA:120,0
DA:122,0
DA:123,0
DA:124,0
DA:125,0
DA:136,0
DA:137,0
DA:139,0
DA:141,0
DA:142,0
DA:144,0
DA:145,0
DA:149,0
DA:152,0
DA:153,0
DA:154,0
DA:155,0
DA:156,0
DA:157,0
DA:158,0
LF:71
LH:1
end_of_record
SF:lib/screens/diary/presentation/pages/diary_edit.dart
DA:19,0
DA:25,0
DA:26,0
DA:37,0
DA:39,0
DA:40,0
DA:41,0
DA:44,0
DA:45,0
DA:48,0
DA:50,0
DA:52,0
DA:54,0
DA:55,0
DA:56,0
DA:57,0
DA:59,0
DA:60,0
DA:61,0
DA:63,0
DA:64,0
DA:65,0
DA:66,0
DA:67,0
DA:68,0
DA:69,0
DA:70,0
DA:71,0
DA:72,0
DA:74,0
DA:77,0
DA:78,0
DA:79,0
DA:85,0
DA:93,0
DA:94,0
DA:100,0
DA:102,0
DA:104,0
DA:105,0
DA:109,0
DA:110,0
DA:113,0
DA:114,0
DA:115,0
DA:116,0
DA:117,0
DA:118,0
DA:119,0
DA:120,0
DA:122,0
DA:125,0
DA:127,0
DA:128,0
DA:129,0
DA:131,0
DA:132,0
DA:135,0
DA:138,0
DA:141,0
DA:142,0
DA:143,0
DA:144,0
DA:145,0
DA:147,0
DA:149,0
DA:154,0
DA:155,0
DA:156,0
DA:157,0
DA:159,0
DA:160,0
DA:162,0
DA:163,0
DA:164,0
DA:174,0
DA:175,0
DA:176,0
DA:177,0
DA:178,0
DA:179,0
DA:184,0
DA:185,0
DA:186,0
DA:187,0
DA:188,0
DA:195,0
DA:197,0
DA:207,0
DA:209,0
DA:210,0
DA:211,0
DA:219,0
DA:220,0
DA:221,0
DA:222,0
DA:223,0
DA:224,0
DA:225,0
DA:227,0
DA:228,0
DA:229,0
DA:230,0
DA:231,0
DA:232,0
DA:234,0
DA:235,0
DA:237,0
DA:238,0
DA:239,0
DA:243,0
DA:244,0
DA:245,0
DA:247,0
DA:248,0
DA:249,0
DA:253,0
DA:254,0
DA:255,0
DA:256,0
DA:257,0
DA:260,0
DA:261,0
DA:262,0
DA:263,0
DA:264,0
DA:265,0
DA:268,0
DA:269,0
DA:270,0
DA:271,0
DA:272,0
DA:273,0
DA:274,0
DA:275,0
DA:276,0
DA:277,0
DA:278,0
DA:281,0
DA:282,0
DA:284,0
DA:285,0
DA:286,0
DA:287,0
DA:288,0
DA:289,0
DA:290,0
DA:291,0
DA:292,0
DA:293,0
DA:294,0
DA:295,0
DA:296,0
DA:297,0
DA:299,0
DA:301,0
DA:303,0
DA:304,0
DA:306,0
DA:312,0
DA:314,0
DA:315,0
DA:316,0
DA:317,0
DA:319,0
DA:320,0
DA:327,0
DA:328,0
DA:329,0
DA:331,0
DA:337,0
DA:341,0
DA:342,0
DA:344,0
DA:345,0
DA:346,0
DA:347,0
DA:349,0
DA:350,0
DA:351,0
DA:352,0
DA:358,0
DA:360,0
DA:366,0
DA:370,0
DA:371,0
DA:373,0
DA:375,0
DA:377,0
DA:378,0
DA:388,0
DA:389,0
DA:390,0
DA:393,0
DA:396,0
DA:397,0
DA:398,0
DA:402,0
DA:407,0
DA:409,0
DA:418,0
LF:201
LH:0
end_of_record
SF:lib/screens/diary/presentation/widgets/question_widgets.dart
DA:48,0
DA:59,0
DA:60,0
DA:67,0
DA:69,0
DA:70,0
DA:73,0
DA:75,0
DA:76,0
DA:77,0
DA:78,0
DA:83,0
DA:85,0
DA:88,0
DA:90,0
DA:91,0
DA:92,0
DA:94,0
DA:95,0
DA:96,0
DA:97,0
DA:98,0
DA:99,0
DA:103,0
DA:105,0
DA:106,0
DA:107,0
DA:108,0
DA:109,0
DA:112,0
DA:113,0
DA:115,0
DA:116,0
DA:117,0
DA:120,0
DA:126,0
DA:127,0
DA:130,0
DA:131,0
DA:132,0
DA:133,0
DA:134,0
DA:135,0
DA:136,0
DA:137,0
DA:138,0
DA:139,0
DA:140,0
DA:141,0
DA:145,0
DA:146,0
DA:147,0
DA:148,0
DA:157,0
DA:158,0
DA:159,0
DA:160,0
DA:165,0
DA:168,0
DA:169,0
DA:170,0
DA:171,0
DA:173,0
DA:176,0
DA:177,0
DA:178,0
DA:180,0
DA:196,0
DA:203,0
DA:204,0
DA:210,0
DA:212,0
DA:213,0
DA:216,0
DA:218,0
DA:220,0
DA:222,0
DA:223,0
DA:224,0
DA:227,0
DA:228,0
DA:229,0
DA:232,0
DA:233,0
DA:234,0
DA:235,0
DA:239,0
DA:240,0
DA:241,0
DA:242,0
DA:243,0
DA:244,0
DA:249,0
DA:250,0
DA:251,0
DA:252,0
DA:253,0
DA:257,0
DA:258,0
DA:259,0
DA:261,0
DA:263,0
DA:266,0
DA:267,0
DA:287,0
DA:294,0
DA:295,0
DA:299,0
DA:301,0
DA:304,0
DA:305,0
DA:306,0
DA:307,0
DA:310,0
DA:312,0
DA:315,0
DA:316,0
DA:317,0
DA:318,0
DA:322,0
DA:323,0
DA:324,0
DA:325,0
DA:326,0
DA:327,0
DA:332,0
DA:333,0
DA:338,0
DA:339,0
DA:340,0
DA:341,0
DA:342,0
DA:359,0
DA:366,0
DA:367,0
DA:371,0
DA:373,0
DA:375,0
DA:376,0
DA:378,0
DA:379,0
DA:381,0
DA:382,0
DA:383,0
DA:384,0
DA:385,0
DA:386,0
DA:387,0
DA:388,0
DA:389,0
DA:396,0
DA:397,0
DA:398,0
DA:399,0
DA:400,0
DA:401,0
DA:403,0
DA:405,0
DA:406,0
DA:407,0
DA:409,0
DA:411,0
DA:412,0
DA:415,0
DA:416,0
DA:418,0
DA:419,0
DA:421,0
DA:422,0
DA:425,0
DA:426,0
DA:428,0
DA:430,0
DA:432,0
DA:435,0
DA:437,0
DA:438,0
DA:442,0
DA:443,0
DA:459,0
DA:461,0
DA:462,0
DA:466,0
DA:468,0
DA:469,0
DA:470,0
DA:471,0
DA:472,0
DA:474,0
DA:476,0
DA:477,0
DA:478,0
DA:488,0
DA:490,0
DA:492,0
DA:496,0
DA:498,0
DA:501,0
DA:502,0
DA:503,0
DA:504,0
DA:505,0
DA:506,0
DA:507,0
DA:509,0
DA:513,0
DA:521,0
DA:523,0
DA:524,0
DA:529,0
DA:531,0
DA:532,0
DA:535,0
DA:536,0
DA:538,0
DA:539,0
DA:540,0
DA:541,0
DA:545,0
DA:546,0
DA:550,0
DA:551,0
DA:569,0
DA:575,0
DA:576,0
DA:580,0
DA:582,0
DA:584,0
DA:586,0
DA:587,0
DA:588,0
DA:589,0
DA:590,0
DA:591,0
DA:592,0
DA:593,0
DA:599,0
DA:600,0
DA:601,0
DA:602,0
DA:605,0
DA:606,0
DA:616,0
DA:618,0
DA:620,0
DA:624,0
DA:626,0
DA:628,0
DA:629,0
DA:630,0
DA:631,0
DA:640,0
DA:641,0
DA:642,0
DA:643,0
DA:644,0
DA:656,0
DA:662,0
DA:663,0
DA:667,0
DA:669,0
DA:670,0
DA:672,0
DA:674,0
DA:675,0
DA:676,0
DA:677,0
DA:680,0
DA:681,0
DA:682,0
DA:683,0
DA:686,0
DA:687,0
DA:692,0
DA:695,0
DA:698,0
DA:699,0
DA:702,0
DA:705,0
DA:708,0
DA:710,0
DA:713,0
DA:714,0
DA:715,0
DA:719,0
DA:722,0
DA:723,0
DA:726,0
DA:727,0
DA:729,0
DA:730,0
DA:733,0
DA:735,0
DA:737,0
DA:739,0
DA:741,0
DA:742,0
DA:746,0
DA:747,0
DA:748,0
DA:750,0
DA:751,0
DA:753,0
DA:754,0
DA:755,0
DA:757,0
DA:758,0
DA:759,0
DA:760,0
DA:769,0
DA:771,0
DA:772,0
DA:775,0
DA:777,0
DA:779,0
DA:780,0
DA:781,0
DA:783,0
DA:787,0
DA:789,0
DA:799,0
DA:800,0
DA:808,0
DA:809,0
DA:811,0
DA:817,0
DA:818,0
DA:822,0
DA:823,0
DA:824,0
DA:825,0
DA:826,0
DA:827,0
DA:841,0
DA:850,0
DA:851,0
DA:878,0
DA:880,0
DA:882,0
DA:884,0
DA:886,0
DA:887,0
DA:889,0
DA:890,0
DA:892,0
DA:893,0
DA:894,0
DA:895,0
DA:897,0
DA:904,0
DA:906,0
DA:907,0
DA:908,0
DA:909,0
DA:910,0
DA:911,0
DA:913,0
DA:915,0
DA:916,0
DA:917,0
DA:918,0
DA:919,0
DA:922,0
DA:923,0
DA:928,0
DA:930,0
DA:932,0
DA:933,0
DA:935,0
DA:936,0
DA:937,0
DA:939,0
DA:942,0
DA:943,0
DA:945,0
DA:946,0
DA:947,0
DA:949,0
DA:950,0
DA:951,0
DA:953,0
DA:955,0
DA:956,0
DA:957,0
DA:962,0
DA:963,0
DA:965,0
DA:966,0
DA:968,0
DA:970,0
DA:971,0
DA:974,0
DA:975,0
DA:977,0
DA:979,0
DA:980,0
DA:981,0
DA:984,0
DA:985,0
DA:987,0
DA:988,0
DA:990,0
DA:991,0
DA:993,0
DA:994,0
DA:997,0
DA:998,0
DA:1000,0
DA:1002,0
DA:1003,0
DA:1005,0
DA:1006,0
DA:1008,0
DA:1009,0
DA:1012,0
DA:1013,0
DA:1015,0
DA:1016,0
DA:1018,0
DA:1019,0
DA:1021,0
DA:1024,0
DA:1025,0
DA:1028,0
DA:1030,0
DA:1032,0
DA:1033,0
DA:1035,0
DA:1036,0
DA:1038,0
DA:1039,0
DA:1040,0
DA:1043,0
DA:1044,0
DA:1045,0
DA:1046,0
DA:1052,0
DA:1053,0
DA:1055,0
DA:1056,0
DA:1057,0
DA:1058,0
DA:1061,0
DA:1062,0
DA:1063,0
DA:1066,0
DA:1067,0
DA:1068,0
DA:1070,0
DA:1072,0
DA:1073,0
DA:1074,0
DA:1075,0
DA:1079,0
DA:1080,0
DA:1081,0
DA:1084,0
DA:1085,0
DA:1087,0
DA:1089,0
DA:1091,0
DA:1098,0
DA:1100,0
DA:1104,0
DA:1105,0
DA:1106,0
DA:1108,0
DA:1109,0
DA:1112,0
DA:1113,0
DA:1114,0
DA:1115,0
DA:1116,0
DA:1117,0
DA:1118,0
DA:1119,0
DA:1120,0
DA:1122,0
DA:1123,0
DA:1124,0
DA:1126,0
DA:1127,0
DA:1128,0
DA:1130,0
DA:1131,0
DA:1132,0
DA:1133,0
DA:1134,0
DA:1136,0
DA:1137,0
DA:1138,0
DA:1139,0
DA:1142,0
DA:1152,0
DA:1153,0
DA:1154,0
DA:1158,0
DA:1159,0
DA:1160,0
DA:1166,0
DA:1169,0
DA:1170,0
DA:1174,0
DA:1175,0
DA:1177,0
DA:1178,0
DA:1179,0
DA:1180,0
DA:1183,0
DA:1184,0
DA:1188,0
DA:1190,0
DA:1191,0
DA:1192,0
DA:1194,0
DA:1198,0
DA:1199,0
DA:1201,0
DA:1202,0
DA:1203,0
DA:1204,0
DA:1208,0
DA:1209,0
DA:1210,0
DA:1213,0
DA:1224,0
DA:1225,0
DA:1228,0
DA:1229,0
DA:1231,0
DA:1232,0
DA:1236,0
DA:1240,0
DA:1241,0
DA:1242,0
DA:1243,0
DA:1244,0
DA:1247,0
DA:1249,0
DA:1251,0
DA:1253,0
DA:1254,0
DA:1255,0
DA:1257,0
DA:1258,0
DA:1259,0
DA:1261,0
DA:1264,0
DA:1270,0
DA:1271,0
DA:1273,0
DA:1274,0
DA:1276,0
DA:1286,0
DA:1287,0
DA:1289,0
DA:1291,0
DA:1292,0
DA:1294,0
DA:1296,0
DA:1297,0
DA:1298,0
DA:1299,0
DA:1300,0
DA:1301,0
DA:1304,0
DA:1305,0
DA:1306,0
DA:1318,0
DA:1319,0
DA:1320,0
DA:1321,0
DA:1322,0
DA:1326,0
DA:1327,0
DA:1328,0
DA:1329,0
DA:1331,0
DA:1333,0
DA:1334,0
DA:1341,0
DA:1343,0
DA:1353,0
DA:1359,0
DA:1360,0
DA:1364,0
DA:1366,0
DA:1368,0
DA:1370,0
DA:1371,0
DA:1372,0
DA:1373,0
DA:1374,0
DA:1375,0
DA:1376,0
DA:1377,0
DA:1378,0
DA:1386,0
DA:1387,0
DA:1390,0
DA:1391,0
DA:1396,0
DA:1397,0
DA:1398,0
DA:1399,0
DA:1400,0
DA:1401,0
DA:1409,0
DA:1410,0
DA:1413,0
DA:1414,0
DA:1422,0
DA:1423,0
DA:1424,0
DA:1425,0
DA:1426,0
DA:1434,0
DA:1435,0
DA:1436,0
DA:1437,0
DA:1442,0
DA:1443,0
DA:1444,0
DA:1445,0
DA:1449,0
DA:1450,0
DA:1452,0
DA:1458,0
DA:1459,0
DA:1463,0
DA:1464,0
DA:1465,0
DA:1466,0
DA:1478,0
DA:1484,0
DA:1485,0
DA:1491,0
DA:1493,0
DA:1494,0
DA:1497,0
DA:1499,0
DA:1500,0
DA:1501,0
DA:1503,0
DA:1506,0
DA:1507,0
DA:1508,0
DA:1509,0
DA:1510,0
DA:1512,0
DA:1513,0
DA:1514,0
DA:1515,0
DA:1516,0
DA:1517,0
DA:1518,0
DA:1519,0
DA:1520,0
DA:1521,0
DA:1527,0
DA:1528,0
DA:1531,0
DA:1532,0
DA:1536,0
DA:1538,0
DA:1539,0
DA:1540,0
DA:1544,0
DA:1546,0
DA:1549,0
DA:1554,0
DA:1557,0
DA:1558,0
DA:1559,0
DA:1560,0
DA:1561,0
DA:1562,0
DA:1563,0
DA:1566,0
DA:1567,0
DA:1568,0
DA:1569,0
DA:1570,0
DA:1571,0
DA:1577,0
DA:1578,0
DA:1581,0
DA:1583,0
DA:1584,0
DA:1585,0
DA:1586,0
DA:1588,0
DA:1589,0
DA:1604,0
DA:1607,0
DA:1609,0
DA:1615,0
DA:1616,0
DA:1617,0
DA:1618,0
DA:1619,0
DA:1620,0
DA:1621,0
DA:1622,0
DA:1625,0
DA:1626,0
DA:1627,0
DA:1628,0
DA:1629,0
DA:1630,0
DA:1631,0
DA:1632,0
DA:1633,0
DA:1639,0
DA:1640,0
DA:1641,0
DA:1642,0
DA:1655,0
DA:1658,0
DA:1660,0
DA:1666,0
DA:1667,0
DA:1668,0
DA:1669,0
DA:1670,0
DA:1671,0
DA:1672,0
DA:1673,0
DA:1676,0
DA:1677,0
DA:1678,0
DA:1679,0
DA:1680,0
DA:1681,0
DA:1687,0
DA:1688,0
DA:1691,0
DA:1693,0
DA:1694,0
DA:1695,0
DA:1696,0
DA:1698,0
DA:1699,0
DA:1708,0
DA:1711,0
DA:1713,0
DA:1714,0
DA:1715,0
DA:1726,0
DA:1729,0
DA:1731,0
DA:1737,0
DA:1738,0
DA:1739,0
DA:1740,0
DA:1741,0
DA:1742,0
DA:1743,0
DA:1744,0
DA:1747,0
DA:1748,0
DA:1749,0
DA:1750,0
DA:1751,0
DA:1752,0
DA:1753,0
DA:1754,0
DA:1755,0
DA:1756,0
DA:1757,0
DA:1762,0
DA:1765,0
DA:1767,0
DA:1768,0
DA:1769,0
DA:1770,0
DA:1779,0
DA:1780,0
DA:1781,0
DA:1782,0
DA:1794,0
DA:1797,0
DA:1799,0
DA:1805,0
DA:1806,0
DA:1807,0
DA:1808,0
DA:1811,0
DA:1817,0
DA:1821,0
DA:1822,0
DA:1823,0
DA:1824,0
DA:1826,0
DA:1828,0
DA:1829,0
DA:1831,0
DA:1832,0
DA:1846,0
DA:1847,0
DA:1849,0
DA:1850,0
DA:1852,0
DA:1853,0
DA:1857,0
DA:1858,0
DA:1863,0
DA:1872,0
DA:1873,0
DA:1875,0
DA:1881,0
DA:1882,0
DA:1886,0
DA:1887,0
DA:1888,0
DA:1898,0
DA:1904,0
DA:1905,0
DA:1919,0
DA:1921,0
DA:1922,0
DA:1925,0
DA:1927,0
DA:1928,0
DA:1931,0
DA:1933,0
DA:1934,0
DA:1935,0
DA:1936,0
DA:1937,0
DA:1938,0
DA:1939,0
DA:1940,0
DA:1944,0
DA:1945,0
DA:1946,0
DA:1947,0
DA:1948,0
DA:1949,0
DA:1951,0
DA:1955,0
DA:1956,0
DA:1957,0
DA:1958,0
DA:1961,0
DA:1963,0
DA:1964,0
DA:1965,0
DA:1969,0
DA:1970,0
DA:1971,0
DA:1976,0
DA:1977,0
DA:1981,0
DA:1984,0
DA:1985,0
DA:1986,0
DA:1987,0
DA:1988,0
DA:1999,0
DA:2002,0
DA:2004,0
DA:2005,0
DA:2006,0
DA:2007,0
DA:2010,0
DA:2013,0
DA:2014,0
DA:2016,0
DA:2017,0
DA:2018,0
DA:2033,0
DA:2034,0
DA:2038,0
DA:2039,0
DA:2041,0
DA:2042,0
DA:2043,0
DA:2044,0
DA:2045,0
DA:2046,0
DA:2047,0
DA:2051,0
DA:2052,0
DA:2053,0
DA:2054,0
DA:2055,0
DA:2056,0
DA:2062,0
DA:2063,0
DA:2064,0
DA:2065,0
DA:2067,0
DA:2068,0
DA:2072,0
DA:2073,0
DA:2080,0
DA:2083,0
DA:2084,0
DA:2088,0
DA:2090,0
DA:2091,0
DA:2092,0
DA:2093,0
LF:904
LH:0
end_of_record
SF:lib/theme/dialogs/bottom_modals.dart
DA:48,0
DA:58,0
DA:59,0
DA:82,0
DA:84,0
DA:85,0
DA:86,0
DA:87,0
DA:88,0
DA:89,0
DA:90,0
DA:94,0
DA:97,0
DA:99,0
DA:100,0
DA:101,0
DA:102,0
DA:105,0
DA:106,0
DA:108,0
DA:110,0
DA:111,0
DA:113,0
DA:115,0
DA:116,0
DA:117,0
DA:118,0
DA:123,0
DA:125,0
DA:126,0
DA:127,0
DA:128,0
DA:129,0
DA:130,0
DA:133,0
DA:135,0
DA:136,0
DA:138,0
DA:140,0
DA:142,0
DA:143,0
DA:144,0
DA:145,0
DA:146,0
DA:154,0
DA:155,0
DA:157,0
DA:158,0
DA:162,0
DA:164,0
DA:165,0
DA:166,0
DA:168,0
DA:170,0
DA:179,0
DA:186,0
DA:187,0
DA:189,0
DA:191,0
DA:192,0
DA:193,0
DA:195,0
DA:196,0
DA:197,0
DA:199,0
DA:201,0
DA:202,0
DA:203,0
DA:204,0
DA:205,0
DA:208,0
DA:209,0
DA:210,0
DA:215,0
DA:222,0
DA:226,0
DA:228,0
DA:229,0
DA:231,0
DA:232,0
DA:233,0
DA:235,0
DA:240,0
DA:249,0
DA:251,0
DA:253,0
DA:262,0
DA:263,0
DA:264,0
DA:266,0
DA:267,0
DA:268,0
DA:269,0
DA:272,0
DA:273,0
DA:274,0
DA:275,0
DA:277,0
DA:278,0
DA:279,0
DA:289,0
DA:291,0
DA:292,0
DA:293,0
DA:294,0
DA:296,0
DA:298,0
DA:299,0
DA:300,0
DA:301,0
DA:307,0
DA:310,0
DA:311,0
DA:312,0
DA:313,0
DA:317,0
DA:318,0
DA:319,0
DA:322,0
DA:324,0
DA:325,0
DA:327,0
DA:328,0
DA:333,0
DA:334,0
DA:335,0
DA:337,0
DA:340,0
DA:342,0
DA:350,0
DA:351,0
DA:353,0
DA:354,0
DA:355,0
DA:358,0
DA:362,0
DA:363,0
DA:364,0
DA:366,0
DA:367,0
DA:368,0
DA:370,0
DA:372,0
DA:373,0
DA:375,0
DA:376,0
DA:379,0
DA:381,0
DA:383,0
DA:386,0
DA:392,0
DA:393,0
DA:394,0
DA:398,0
DA:399,0
DA:400,0
DA:401,0
DA:403,0
DA:405,0
DA:407,0
DA:408,0
DA:414,0
DA:415,0
DA:416,0
DA:417,0
DA:418,0
DA:421,0
DA:423,0
DA:424,0
DA:427,0
DA:430,0
DA:431,0
DA:435,0
DA:437,0
DA:438,0
DA:441,0
DA:443,0
DA:445,0
DA:448,0
DA:454,0
DA:457,0
DA:459,0
DA:461,0
DA:462,0
DA:463,0
DA:466,0
DA:479,0
DA:485,0
DA:487,0
DA:489,0
DA:495,0
DA:496,0
DA:497,0
DA:498,0
DA:501,0
DA:516,0
DA:519,0
DA:520,0
DA:521,0
DA:523,0
DA:524,0
DA:525,0
DA:526,0
DA:530,0
DA:532,0
DA:533,0
DA:534,0
DA:539,0
DA:540,0
DA:541,0
DA:542,0
DA:543,0
DA:547,0
DA:548,0
DA:550,0
DA:551,0
DA:552,0
DA:553,0
DA:556,0
DA:557,0
DA:558,0
DA:559,0
DA:560,0
DA:561,0
DA:565,0
DA:566,0
DA:567,0
DA:570,0
DA:571,0
DA:573,0
DA:574,0
DA:575,0
DA:579,0
DA:580,0
DA:586,0
DA:588,0
DA:591,0
DA:594,0
DA:598,0
DA:601,0
DA:602,0
DA:607,0
DA:608,0
DA:609,0
DA:610,0
DA:611,0
DA:612,0
DA:613,0
DA:614,0
DA:617,0
DA:618,0
DA:619,0
DA:620,0
DA:623,0
DA:624,0
DA:625,0
DA:631,0
DA:632,0
DA:635,0
DA:639,0
DA:643,0
DA:644,0
DA:646,0
DA:647,0
DA:649,0
DA:650,0
DA:651,0
DA:652,0
DA:653,0
DA:660,0
DA:661,0
DA:662,0
DA:665,0
DA:666,0
DA:667,0
DA:668,0
DA:669,0
DA:671,0
DA:672,0
DA:677,0
DA:678,0
DA:679,0
DA:690,0
DA:699,0
DA:700,0
DA:718,0
DA:720,0
DA:721,0
DA:722,0
DA:723,0
DA:724,0
DA:725,0
DA:727,0
DA:729,0
DA:730,0
DA:731,0
DA:732,0
DA:736,0
DA:737,0
DA:738,0
DA:742,0
DA:743,0
DA:744,0
DA:747,0
DA:748,0
DA:750,0
DA:752,0
DA:753,0
DA:755,0
DA:757,0
DA:758,0
DA:759,0
DA:761,0
DA:762,0
DA:763,0
DA:764,0
DA:770,0
DA:772,0
DA:773,0
DA:774,0
DA:775,0
DA:776,0
DA:777,0
DA:780,0
DA:782,0
DA:783,0
DA:784,0
DA:785,0
DA:787,0
DA:788,0
DA:790,0
DA:793,0
DA:794,0
DA:797,0
DA:798,0
DA:801,0
DA:804,0
DA:805,0
DA:811,0
DA:812,0
DA:813,0
DA:814,0
DA:815,0
DA:816,0
DA:820,0
DA:823,0
DA:824,0
DA:825,0
DA:826,0
DA:830,0
DA:831,0
DA:832,0
DA:833,0
DA:834,0
DA:841,0
DA:843,0
DA:844,0
DA:845,0
DA:847,0
DA:848,0
DA:849,0
DA:850,0
DA:857,0
DA:858,0
DA:859,0
DA:860,0
DA:861,0
DA:862,0
DA:863,0
DA:864,0
DA:870,0
DA:872,0
DA:873,0
DA:884,0
DA:885,0
DA:887,0
DA:889,0
DA:893,0
DA:895,0
DA:896,0
DA:897,0
DA:909,0
DA:910,0
DA:911,0
DA:916,0
DA:919,0
DA:920,0
DA:926,0
DA:927,0
DA:928,0
DA:929,0
DA:931,0
DA:958,0
DA:959,0
DA:961,0
DA:963,0
DA:964,0
DA:965,0
DA:966,0
DA:967,0
DA:970,0
DA:971,0
DA:973,0
DA:974,0
DA:975,0
DA:978,0
DA:979,0
DA:982,0
DA:987,0
DA:990,0
DA:997,0
DA:998,0
DA:999,0
DA:1000,0
DA:1001,0
DA:1002,0
DA:1005,0
DA:1008,0
DA:1011,0
DA:1013,0
DA:1014,0
DA:1016,0
DA:1017,0
DA:1024,0
DA:1026,0
DA:1045,0
DA:1051,0
DA:1053,0
DA:1054,0
DA:1055,0
DA:1062,0
DA:1063,0
DA:1064,0
DA:1067,0
DA:1068,0
DA:1069,0
DA:1077,0
DA:1078,0
DA:1085,0
DA:1087,0
DA:1088,0
DA:1093,0
DA:1094,0
DA:1095,0
DA:1096,0
DA:1097,0
DA:1098,0
DA:1105,0
DA:1113,0
DA:1115,0
DA:1117,0
DA:1118,0
DA:1119,0
DA:1120,0
DA:1122,0
DA:1137,4
DA:1139,0
DA:1141,0
DA:1142,0
DA:1143,0
DA:1150,0
DA:1151,0
DA:1152,0
DA:1155,0
DA:1156,0
DA:1157,0
DA:1165,0
DA:1166,0
DA:1173,0
DA:1174,0
DA:1175,0
DA:1179,0
DA:1180,0
DA:1181,0
DA:1183,0
DA:1184,0
DA:1192,0
DA:1193,0
DA:1199,0
DA:1218,0
DA:1225,0
DA:1226,0
DA:1236,0
DA:1238,0
DA:1239,0
DA:1241,0
DA:1247,0
DA:1248,0
DA:1249,0
DA:1252,0
DA:1253,0
DA:1254,0
DA:1257,0
DA:1259,0
DA:1260,0
DA:1271,0
DA:1273,0
DA:1274,0
DA:1279,0
DA:1280,0
DA:1286,0
DA:1288,0
DA:1289,0
DA:1296,0
DA:1297,0
DA:1301,0
DA:1303,0
DA:1305,0
DA:1306,0
DA:1307,0
DA:1317,0
DA:1318,0
DA:1320,0
DA:1323,0
DA:1324,0
DA:1325,0
DA:1326,0
DA:1327,0
DA:1328,0
DA:1329,0
DA:1331,0
DA:1332,0
DA:1339,0
DA:1341,0
DA:1342,0
DA:1343,0
DA:1352,0
DA:1355,0
DA:1356,0
DA:1362,0
DA:1363,0
[...]
DA:150,0
DA:152,0
DA:153,0
DA:176,0
DA:177,0
DA:180,0
DA:182,0
DA:184,0
DA:186,0
DA:192,0
DA:193,0
DA:194,0
DA:195,0
DA:196,0
DA:209,0
DA:212,0
DA:213,0
DA:214,0
DA:217,0
DA:219,0
DA:220,0
DA:231,0
DA:232,0
DA:234,0
DA:237,0
DA:241,0
DA:242,0
DA:243,0
DA:244,0
DA:245,0
LF:86
LH:0
end_of_record
SF:lib/screens/onboarding/presentation/pages/mic_access.dart
DA:22,4
DA:24,0
DA:25,0
DA:45,0
DA:47,0
DA:48,0
DA:49,0
DA:50,0
DA:51,0
DA:52,0
DA:54,0
DA:55,0
DA:58,0
DA:59,0
DA:61,0
DA:63,0
DA:64,0
DA:66,0
DA:68,0
DA:69,0
DA:70,0
DA:71,0
DA:72,0
DA:73,0
DA:78,0
DA:80,0
DA:81,0
DA:82,0
DA:83,0
DA:84,0
DA:85,0
DA:86,0
DA:87,0
DA:88,0
DA:91,0
DA:93,0
DA:94,0
DA:95,0
DA:96,0
DA:97,0
DA:98,0
DA:99,0
DA:100,0
DA:101,0
DA:103,0
DA:106,0
DA:108,0
DA:109,0
DA:110,0
DA:111,0
DA:113,0
DA:116,0
DA:117,0
DA:118,0
DA:119,0
DA:120,0
DA:128,0
DA:131,0
DA:132,0
DA:133,0
DA:136,0
DA:137,0
DA:138,0
DA:139,0
DA:141,0
DA:142,0
DA:143,0
DA:144,0
DA:145,0
DA:147,0
DA:148,0
DA:150,0
DA:151,0
DA:152,0
DA:153,0
DA:154,0
DA:157,0
DA:161,0
DA:162,0
DA:164,0
DA:165,0
DA:168,0
DA:169,0
DA:172,0
DA:174,0
DA:179,0
DA:181,0
DA:182,0
DA:183,0
DA:186,0
DA:194,0
DA:195,0
DA:197,0
DA:198,0
DA:206,0
DA:209,0
DA:215,0
DA:217,0
DA:229,0
DA:232,0
DA:236,0
DA:237,0
DA:239,0
DA:240,0
DA:251,0
DA:254,0
DA:255,0
DA:256,0
DA:288,0
DA:289,0
DA:290,0
DA:292,0
DA:303,0
DA:304,0
DA:305,0
DA:306,0
DA:309,0
DA:324,0
DA:327,0
DA:328,0
DA:329,0
DA:330,0
DA:333,0
DA:334,0
DA:335,0
DA:336,0
DA:338,0
DA:340,0
DA:341,0
DA:342,0
DA:349,0
DA:350,0
DA:351,0
DA:352,0
DA:353,0
DA:355,0
DA:356,0
DA:357,0
DA:358,0
DA:359,0
DA:360,0
DA:361,0
DA:362,0
DA:363,0
DA:364,0
DA:367,0
DA:370,0
DA:373,0
DA:376,0
DA:377,0
DA:378,0
DA:381,0
DA:382,0
DA:383,0
DA:384,0
DA:385,0
DA:388,0
DA:390,0
DA:393,0
DA:394,0
DA:396,0
DA:397,0
DA:398,0
DA:399,0
DA:401,0
DA:402,0
DA:403,0
LF:167
LH:1
end_of_record
SF:lib/screens/onboarding/presentation/widgets/mic_tester.dart
DA:12,0
DA:19,0
DA:20,0
DA:24,0
DA:26,0
DA:27,0
DA:28,0
DA:30,0
DA:32,0
DA:34,0
DA:35,0
DA:44,0
DA:47,0
DA:48,0
DA:49,0
DA:50,0
DA:51,0
DA:60,0
DA:70,0
DA:72,0
DA:73,0
DA:82,0
DA:84,0
DA:85,0
DA:87,0
DA:90,0
DA:92,0
DA:93,0
DA:94,0
DA:95,0
DA:97,0
DA:99,0
DA:101,0
DA:103,0
DA:109,0
DA:113,0
DA:114,0
DA:115,0
DA:116,0
DA:117,0
DA:139,0
DA:140,0
DA:141,0
DA:143,0
DA:144,0
DA:145,0
DA:152,0
DA:154,0
DA:160,0
DA:161,0
DA:162,0
DA:165,0
DA:166,0
LF:53
LH:0
end_of_record
SF:lib/screens/onboarding/presentation/pages/notification_access.dart
DA:23,4
DA:25,0
DA:26,0
DA:43,0
DA:45,0
DA:46,0
DA:47,0
DA:48,0
DA:49,0
DA:51,0
DA:52,0
DA:55,0
DA:56,0
DA:58,0
DA:60,0
DA:61,0
DA:63,0
DA:65,0
DA:66,0
DA:67,0
DA:68,0
DA:73,0
DA:75,0
DA:76,0
DA:77,0
DA:78,0
DA:79,0
DA:80,0
DA:81,0
DA:83,0
DA:86,0
DA:88,0
DA:89,0
DA:90,0
DA:91,0
DA:92,0
DA:93,0
DA:96,0
DA:98,0
DA:99,0
DA:100,0
DA:101,0
DA:102,0
DA:104,0
DA:107,0
DA:108,0
DA:109,0
DA:110,0
DA:119,0
DA:122,0
DA:123,0
DA:124,0
DA:125,0
DA:126,0
DA:128,0
DA:129,0
DA:130,0
DA:133,0
DA:134,0
DA:135,0
DA:136,0
DA:139,0
DA:140,0
DA:143,0
DA:148,0
DA:149,0
DA:151,0
DA:152,0
DA:153,0
DA:162,0
DA:163,0
DA:166,0
DA:167,0
DA:168,0
DA:169,0
DA:170,0
DA:182,0
DA:183,0
DA:184,0
DA:188,0
DA:189,0
DA:192,0
DA:194,0
DA:198,0
DA:200,0
DA:201,0
DA:202,0
DA:204,0
DA:210,0
DA:211,0
DA:213,0
DA:214,0
DA:220,0
DA:222,0
DA:227,0
DA:228,0
DA:233,0
DA:234,0
DA:237,0
DA:238,0
DA:239,0
DA:240,0
DA:246,0
DA:247,0
DA:250,0
DA:252,0
DA:256,0
DA:258,0
DA:259,0
DA:260,0
DA:262,0
DA:268,0
DA:269,0
DA:271,0
DA:272,0
DA:278,0
DA:280,0
DA:285,0
DA:286,0
DA:291,0
DA:292,0
DA:295,0
DA:296,0
DA:297,0
DA:298,0
DA:309,0
DA:310,0
DA:312,0
DA:313,0
DA:314,0
DA:315,0
DA:317,0
DA:318,0
DA:319,0
DA:320,0
DA:321,0
DA:322,0
DA:323,0
DA:324,0
DA:328,0
DA:331,0
DA:332,0
DA:333,0
DA:336,0
DA:337,0
DA:338,0
DA:340,0
DA:341,0
DA:342,0
DA:345,0
DA:346,0
DA:352,0
DA:353,0
DA:355,0
DA:356,0
DA:357,0
DA:360,0
DA:361,0
LF:158
LH:1
end_of_record
SF:lib/services/battery_service.dart
DA:17,1
DA:20,1
DA:22,1
DA:23,3
DA:25,2
DA:28,2
LF:6
LH:6
end_of_record
SF:lib/screens/onboarding/presentation/pages/participant_details.dart
DA:20,4
DA:22,0
DA:23,0
DA:41,0
DA:43,0
DA:44,0
DA:45,0
DA:46,0
DA:47,0
DA:49,0
DA:50,0
DA:52,0
DA:54,0
DA:58,0
DA:59,0
DA:60,0
DA:61,0
DA:65,0
DA:66,0
DA:68,0
DA:71,0
DA:73,0
DA:74,0
DA:75,0
DA:76,0
DA:77,0
DA:79,0
DA:82,0
DA:84,0
DA:85,0
DA:86,0
DA:87,0
DA:88,0
DA:89,0
DA:92,0
DA:93,0
DA:96,0
DA:97,0
DA:99,0
DA:100,0
DA:103,0
DA:104,0
DA:105,0
DA:106,0
DA:112,0
DA:114,0
DA:115,0
DA:116,0
DA:117,0
DA:119,0
DA:120,0
DA:121,0
DA:122,0
DA:123,0
DA:124,0
DA:125,0
DA:126,0
DA:128,0
DA:130,0
DA:133,0
DA:136,0
DA:137,0
DA:138,0
DA:139,0
DA:143,0
DA:146,0
DA:149,0
DA:150,0
DA:151,0
DA:152,0
DA:161,0
DA:164,0
DA:165,0
DA:166,0
DA:167,0
DA:168,0
DA:169,0
DA:170,0
DA:174,0
DA:175,0
DA:176,0
DA:177,0
DA:178,0
DA:179,0
DA:180,0
DA:181,0
DA:189,0
DA:190,0
DA:193,0
DA:194,0
DA:195,0
DA:196,0
DA:197,0
DA:198,0
DA:210,0
DA:211,0
DA:217,0
DA:218,0
DA:219,0
DA:220,0
DA:221,0
DA:222,0
DA:227,0
DA:228,0
DA:234,0
DA:235,0
DA:236,0
DA:237,0
DA:238,0
DA:239,0
DA:240,0
DA:245,0
DA:246,0
DA:253,0
DA:254,0
DA:255,0
DA:258,0
DA:259,0
DA:260,0
DA:261,0
DA:262,0
DA:263,0
DA:268,0
DA:269,0
DA:272,0
DA:273,0
DA:274,0
DA:275,0
DA:276,0
DA:280,0
DA:281,0
DA:282,0
LF:132
LH:1
end_of_record
SF:lib/screens/onboarding/presentation/widgets/participant_name.dart
DA:12,0
DA:18,0
DA:19,0
DA:23,0
DA:25,0
DA:27,0
DA:28,0
DA:30,0
DA:35,0
DA:36,0
DA:37,0
DA:38,0
DA:42,0
DA:44,0
DA:45,0
LF:15
LH:0
end_of_record
SF:lib/screens/onboarding/presentation/pages/study_login.dart
DA:25,4
DA:27,0
DA:28,0
DA:44,0
DA:46,0
DA:47,0
DA:48,0
DA:49,0
DA:50,0
DA:52,0
DA:53,0
DA:56,0
DA:57,0
DA:59,0
DA:61,0
DA:62,0
DA:63,0
DA:64,0
DA:66,0
DA:72,0
DA:74,0
DA:75,0
DA:76,0
DA:77,0
DA:78,0
DA:79,0
DA:82,0
DA:84,0
DA:85,0
DA:86,0
DA:87,0
DA:88,0
DA:90,0
DA:93,0
DA:95,0
DA:96,0
DA:97,0
DA:98,0
DA:101,0
DA:103,0
DA:104,0
DA:105,0
DA:106,0
DA:107,0
DA:109,0
DA:110,0
DA:111,0
DA:112,0
DA:115,0
DA:118,0
DA:119,0
DA:120,0
DA:129,0
DA:130,0
DA:134,0
DA:135,0
DA:136,0
DA:137,0
DA:140,0
DA:141,0
DA:142,0
DA:143,0
DA:144,0
DA:145,0
DA:148,0
DA:150,0
DA:151,0
DA:152,0
DA:153,0
DA:154,0
DA:156,0
DA:157,0
DA:159,0
DA:160,0
DA:161,0
DA:162,0
DA:163,0
DA:164,0
DA:165,0
DA:166,0
DA:181,0
DA:182,0
DA:183,0
DA:184,0
DA:185,0
DA:186,0
DA:188,0
DA:191,0
DA:192,0
DA:193,0
DA:195,0
DA:196,0
DA:204,0
DA:205,0
DA:206,0
DA:210,0
DA:211,0
DA:212,0
DA:213,0
DA:217,0
DA:219,0
DA:221,0
DA:223,0
DA:229,0
DA:230,0
DA:238,0
DA:241,0
DA:242,0
DA:243,0
DA:245,0
DA:246,0
DA:249,0
DA:250,0
DA:251,0
DA:253,0
DA:254,0
DA:256,0
DA:271,0
DA:272,0
DA:274,0
DA:277,0
DA:286,0
DA:288,0
DA:289,0
DA:294,0
DA:297,0
DA:304,0
DA:305,0
DA:307,0
DA:308,0
DA:310,0
DA:311,0
DA:312,0
DA:318,0
DA:319,0
DA:326,0
DA:327,0
DA:328,0
LF:138
LH:1
end_of_record
SF:lib/screens/onboarding/presentation/pages/welcome.dart
DA:17,4
DA:19,0
DA:20,0
DA:34,0
DA:36,0
DA:37,0
DA:38,0
DA:40,0
DA:41,0
DA:42,0
DA:43,0
DA:44,0
DA:46,0
DA:47,0
DA:50,0
DA:51,0
DA:53,0
DA:55,0
DA:56,0
DA:57,0
DA:58,0
DA:60,0
DA:66,0
DA:68,0
DA:69,0
DA:70,0
DA:71,0
DA:72,0
DA:75,0
DA:77,0
DA:78,0
DA:79,0
DA:80,0
DA:81,0
DA:83,0
DA:86,0
DA:88,0
DA:89,0
DA:90,0
DA:92,0
DA:93,0
DA:96,0
DA:97,0
DA:98,0
DA:99,0
DA:100,0
DA:108,0
DA:111,0
DA:112,0
DA:113,0
DA:115,0
DA:116,0
DA:117,0
DA:119,0
DA:120,0
DA:121,0
DA:123,0
DA:124,0
DA:127,0
DA:128,0
DA:130,0
DA:132,0
DA:133,0
DA:134,0
DA:135,0
DA:141,0
DA:142,0
DA:143,0
DA:149,0
DA:152,0
DA:153,0
DA:154,0
DA:166,0
DA:167,0
DA:172,0
DA:174,0
DA:175,0
DA:189,0
DA:190,0
DA:191,0
DA:194,0
DA:195,0
DA:196,0
DA:199,0
DA:200,0
DA:201,0
DA:202,0
DA:204,0
DA:205,0
LF:89
LH:1
end_of_record
SF:lib/screens/onboarding/presentation/widgets/active_time_tile.dart
DA:13,0
DA:20,0
DA:21,0
DA:29,0
DA:31,0
DA:32,0
DA:35,0
DA:37,0
DA:39,0
DA:40,0
DA:43,0
DA:45,0
DA:46,0
DA:48,0
DA:49,0
DA:51,0
DA:52,0
DA:53,0
DA:54,0
DA:55,0
DA:59,0
DA:60,0
DA:61,0
DA:62,0
DA:68,0
DA:69,0
DA:70,0
DA:72,0
DA:73,0
DA:75,0
DA:80,0
DA:81,0
DA:82,0
DA:83,0
DA:86,0
DA:88,0
DA:100,0
DA:101,0
DA:102,0
DA:103,0
DA:104,0
DA:105,0
DA:106,0
DA:107,0
DA:108,0
DA:112,0
DA:113,0
DA:117,0
DA:118,0
DA:119,0
DA:120,0
DA:121,0
DA:123,0
DA:129,0
DA:130,0
DA:131,0
DA:133,0
LF:57
LH:0
end_of_record
SF:lib/theme/components/textfields.dart
DA:30,0
DA:48,0
DA:49,0
DA:53,0
DA:55,0
DA:56,0
DA:57,0
DA:58,0
DA:59,0
DA:60,0
DA:61,0
DA:62,0
DA:64,0
DA:65,0
DA:66,0
DA:67,0
DA:68,0
DA:69,0
DA:70,0
DA:71,0
DA:72,0
DA:73,0
DA:76,0
DA:77,0
DA:78,0
DA:79,0
DA:80,0
DA:83,0
DA:84,0
DA:85,0
DA:87,0
DA:90,0
DA:91,0
DA:97,0
DA:98,0
DA:104,0
DA:105,0
DA:106,0
DA:108,0
DA:111,0
DA:112,0
DA:113,0
DA:115,0
DA:116,0
LF:44
LH:0
end_of_record
SF:lib/screens/settings/widgets/participant_details.dart
DA:16,4
DA:18,1
DA:19,1
DA:34,1
DA:36,1
DA:37,3
DA:38,3
DA:39,2
DA:40,1
DA:43,1
DA:44,2
DA:45,2
DA:46,2
DA:47,1
DA:48,2
DA:49,1
DA:50,1
DA:51,2
DA:55,1
DA:57,3
DA:62,2
DA:63,1
DA:66,1
DA:67,0
DA:70,1
DA:71,1
DA:72,1
DA:74,1
DA:75,1
DA:78,1
DA:83,1
DA:84,1
DA:91,1
DA:92,1
DA:93,1
DA:95,1
DA:96,1
DA:98,1
DA:99,1
DA:101,1
DA:102,1
DA:106,1
DA:108,1
DA:109,1
DA:111,1
DA:114,1
DA:116,1
DA:118,1
DA:119,1
DA:121,1
DA:122,1
DA:125,1
DA:126,1
DA:128,2
DA:132,1
DA:133,2
DA:134,2
DA:139,1
DA:142,1
DA:143,1
DA:145,2
DA:149,1
DA:150,2
DA:151,2
DA:156,1
DA:157,0
DA:160,0
DA:161,0
DA:163,0
DA:167,0
DA:168,0
DA:169,0
DA:183,1
DA:188,1
DA:192,1
DA:194,1
DA:195,1
DA:196,1
DA:199,1
DA:201,1
DA:202,1
DA:204,1
DA:207,1
DA:208,1
DA:211,1
DA:212,1
DA:214,1
DA:215,1
DA:217,1
DA:218,1
DA:219,1
DA:220,1
DA:225,1
DA:227,1
DA:241,1
DA:244,0
DA:245,0
DA:247,0
DA:248,0
DA:249,0
DA:250,0
DA:251,0
DA:253,0
DA:258,0
DA:259,0
DA:260,0
DA:261,0
DA:265,0
DA:266,0
DA:268,0
LF:110
LH:87
end_of_record
SF:lib/screens/settings/widgets/settings_active_reminders.dart
DA:15,1
DA:18,1
DA:19,1
DA:23,1
DA:25,1
DA:27,1
DA:28,1
DA:29,1
DA:30,2
DA:32,0
DA:33,0
DA:34,1
DA:35,2
DA:36,3
DA:41,1
DA:43,1
DA:46,1
DA:48,1
DA:49,1
DA:51,1
DA:52,1
DA:53,1
DA:55,1
DA:60,1
DA:65,1
DA:66,1
DA:68,1
DA:73,1
DA:74,1
DA:76,1
DA:78,1
DA:79,1
DA:87,1
DA:88,3
DA:89,0
DA:93,0
DA:94,0
DA:95,0
DA:96,0
DA:97,0
DA:100,0
DA:101,0
DA:102,0
DA:103,0
DA:105,0
DA:106,0
DA:111,1
DA:112,1
DA:113,2
DA:121,1
DA:124,1
DA:125,0
DA:129,2
DA:130,1
DA:132,1
DA:133,1
DA:146,0
DA:147,0
DA:150,0
DA:151,0
DA:152,0
DA:158,0
DA:159,0
DA:160,0
DA:164,0
DA:167,0
DA:168,0
DA:169,0
DA:170,0
DA:172,0
DA:176,0
DA:177,0
DA:178,0
DA:180,0
DA:183,0
DA:185,0
DA:186,0
DA:187,0
DA:188,0
DA:189,0
DA:191,0
DA:193,0
DA:194,0
DA:198,0
DA:199,0
DA:201,0
LF:86
LH:41
end_of_record
SF:lib/screens/settings/widgets/study_details.dart
DA:16,4
DA:18,1
DA:19,1
DA:31,1
DA:33,1
DA:34,3
DA:35,1
DA:38,1
DA:39,2
DA:40,2
DA:41,1
DA:42,2
DA:43,1
DA:44,2
DA:48,1
DA:50,1
DA:54,1
DA:56,1
DA:57,1
DA:59,1
DA:60,1
DA:62,1
DA:63,1
DA:67,1
DA:68,1
DA:69,1
DA:71,1
DA:74,1
DA:76,1
DA:77,1
DA:79,1
DA:82,1
DA:83,1
DA:85,1
DA:86,1
DA:87,2
DA:88,1
DA:89,1
DA:91,1
DA:92,0
DA:93,0
DA:94,0
DA:100,1
DA:101,2
DA:102,1
DA:103,1
DA:106,1
DA:108,1
DA:109,1
DA:110,1
DA:111,1
DA:112,0
DA:118,2
DA:119,1
DA:120,1
DA:122,1
DA:123,1
DA:129,1
DA:130,1
DA:131,1
DA:132,1
DA:138,2
DA:139,1
DA:140,1
DA:141,2
DA:156,1
DA:159,1
DA:165,0
DA:174,0
DA:175,0
DA:176,0
DA:177,0
DA:178,0
DA:182,0
DA:183,0
DA:185,0
DA:189,0
DA:190,0
DA:191,0
DA:195,0
DA:196,0
DA:199,0
DA:200,0
LF:83
LH:63
end_of_record
SF:lib/screens/settings/widgets/test_microphone_widget.dart
DA:11,4
DA:13,0
DA:14,0
DA:23,0
DA:25,0
DA:26,0
DA:27,0
DA:30,0
DA:32,0
DA:33,0
DA:36,0
DA:38,0
DA:40,0
DA:42,0
DA:44,0
DA:45,0
DA:46,0
DA:48,0
DA:49,0
DA:54,0
DA:55,0
DA:56,0
DA:57,0
DA:58,0
DA:59,0
DA:60,0
DA:62,0
DA:65,0
DA:66,0
DA:67,0
DA:69,0
DA:70,0
DA:71,0
DA:75,0
DA:76,0
DA:77,0
DA:78,0
DA:88,0
DA:89,0
DA:90,0
DA:91,0
DA:94,0
DA:109,0
DA:112,0
DA:113,0
DA:114,0
DA:115,0
DA:117,0
DA:118,0
DA:122,0
DA:123,0
DA:124,0
DA:125,0
LF:53
LH:1
end_of_record
SF:lib/screens/settings/presentation/settings_onboarding.dart
DA:14,0
DA:16,0
DA:17,0
DA:28,0
DA:30,0
DA:31,0
DA:32,0
DA:35,0
DA:37,0
DA:38,0
DA:39,0
DA:41,0
DA:46,0
DA:48,0
DA:51,0
DA:54,0
DA:56,0
DA:59,0
DA:60,0
DA:61,0
DA:62,0
DA:72,0
DA:73,0
DA:75,0
DA:76,0
DA:78,0
DA:79,0
DA:80,0
DA:82,0
DA:84,0
DA:85,0
DA:91,0
DA:94,0
DA:95,0
DA:96,0
DA:97,0
DA:98,0
DA:101,0
DA:103,0
DA:104,0
DA:107,0
DA:112,0
DA:113,0
DA:115,0
DA:116,0
DA:127,0
DA:136,0
DA:137,0
DA:139,0
DA:141,0
DA:142,0
DA:144,0
DA:146,0
DA:147,0
DA:148,0
DA:149,0
DA:154,0
DA:161,0
DA:162,0
DA:164,0
DA:166,0
DA:168,0
DA:169,0
DA:171,0
DA:172,0
DA:173,0
DA:175,0
DA:176,0
DA:177,0
DA:178,0
DA:179,0
DA:181,0
DA:182,0
DA:183,0
DA:184,0
DA:189,0
DA:190,0
DA:191,0
DA:192,0
DA:202,0
DA:203,0
DA:209,0
DA:210,0
DA:212,0
DA:213,0
DA:214,0
DA:215,0
DA:216,0
DA:217,0
DA:218,0
DA:219,0
DA:220,0
DA:221,0
DA:222,0
DA:223,0
DA:225,0
DA:226,0
DA:227,0
DA:228,0
DA:229,0
DA:236,0
DA:237,0
DA:238,0
DA:239,0
DA:243,0
DA:244,0
DA:245,0
DA:246,0
DA:247,0
DA:248,0
DA:249,0
DA:250,0
DA:258,0
DA:260,0
DA:261,0
DA:265,0
DA:266,0
DA:267,0
DA:268,0
DA:269,0
DA:270,0
DA:271,0
DA:272,0
DA:273,0
DA:274,0
DA:275,0
DA:276,0
DA:283,0
DA:285,0
DA:286,0
DA:290,0
DA:291,0
DA:292,0
DA:293,0
DA:294,0
DA:295,0
DA:296,0
DA:297,0
DA:298,0
DA:299,0
DA:300,0
DA:301,0
DA:302,0
DA:303,0
DA:308,0
DA:310,0
DA:311,0
DA:313,0
DA:314,0
DA:315,0
DA:316,0
DA:317,0
DA:318,0
DA:319,0
DA:323,0
DA:325,0
DA:326,0
DA:327,0
DA:328,0
DA:329,0
DA:330,0
DA:331,0
DA:333,0
DA:338,0
DA:340,0
DA:341,0
DA:345,0
DA:346,0
DA:347,0
DA:348,0
DA:349,0
DA:350,0
DA:351,0
DA:352,0
DA:353,0
DA:354,0
DA:359,0
DA:361,0
DA:362,0
DA:363,0
DA:366,0
DA:370,0
DA:371,0
DA:372,0
DA:373,0
DA:374,0
DA:375,0
DA:376,0
DA:377,0
DA:378,0
DA:382,0
DA:387,0
DA:388,0
DA:389,0
DA:390,0
DA:391,0
DA:394,0
DA:397,0
DA:398,0
DA:400,0
DA:401,0
DA:402,0
DA:403,0
LF:203
LH:0
end_of_record
SF:lib/screens/settings/widgets/update_widgets.dart
DA:18,0
DA:26,0
DA:27,0
DA:38,0
DA:40,0
DA:41,0
DA:42,0
DA:44,0
DA:45,0
DA:47,0
DA:48,0
DA:50,0
DA:53,0
DA:55,0
DA:56,0
DA:57,0
DA:59,0
DA:61,0
DA:63,0
DA:64,0
DA:65,0
DA:66,0
DA:68,0
DA:69,0
DA:70,0
DA:72,0
DA:74,0
DA:76,0
DA:77,0
DA:85,0
DA:86,0
DA:87,0
DA:89,0
DA:90,0
DA:91,0
DA:92,0
DA:93,0
DA:102,0
DA:104,0
DA:105,0
DA:106,0
DA:107,0
DA:108,0
DA:119,0
DA:121,0
DA:122,0
DA:124,0
DA:125,0
DA:126,0
DA:127,0
DA:128,0
DA:129,0
DA:130,0
DA:131,0
DA:132,0
DA:133,0
DA:141,0
DA:142,0
DA:143,0
DA:150,0
DA:151,0
DA:154,0
DA:155,0
DA:156,0
DA:157,0
DA:158,0
DA:166,0
DA:167,0
DA:168,0
DA:169,0
DA:171,0
DA:176,0
DA:177,0
DA:180,0
DA:181,0
DA:188,0
DA:189,0
DA:190,0
DA:191,0
DA:207,0
DA:211,0
DA:212,0
DA:213,0
DA:214,0
DA:215,0
DA:228,0
DA:229,0
DA:231,0
DA:232,0
DA:234,0
DA:237,0
DA:238,0
DA:248,0
DA:256,0
DA:257,0
DA:263,0
DA:265,0
DA:266,0
DA:269,0
DA:271,0
DA:272,0
DA:274,0
DA:276,0
DA:278,0
DA:279,0
DA:280,0
DA:281,0
DA:283,0
DA:284,0
DA:285,0
DA:287,0
DA:289,0
DA:291,0
DA:292,0
DA:300,0
DA:301,0
DA:302,0
DA:304,0
DA:305,0
DA:306,0
DA:307,0
DA:308,0
DA:317,0
DA:319,0
DA:320,0
DA:321,0
DA:322,0
DA:323,0
DA:334,0
DA:335,0
DA:336,0
DA:337,0
DA:338,0
DA:339,0
DA:340,0
DA:341,0
DA:349,0
DA:353,0
DA:354,0
DA:355,0
DA:356,0
DA:357,0
DA:370,0
DA:371,0
DA:372,0
DA:383,0
DA:391,0
DA:392,0
DA:397,0
DA:399,0
DA:402,0
DA:404,0
DA:405,0
DA:407,0
DA:409,0
DA:411,0
DA:412,0
DA:413,0
DA:414,0
DA:416,0
DA:417,0
DA:418,0
DA:420,0
DA:422,0
DA:424,0
DA:425,0
DA:433,0
DA:434,0
DA:435,0
DA:437,0
DA:438,0
DA:439,0
DA:440,0
DA:441,0
DA:450,0
DA:452,0
DA:453,0
DA:454,0
DA:455,0
DA:456,0
DA:467,0
DA:468,0
DA:469,0
DA:470,0
DA:471,0
DA:472,0
DA:479,0
DA:483,0
DA:484,0
DA:485,0
DA:486,0
DA:487,0
DA:500,0
DA:501,0
DA:502,0
DA:517,0
DA:530,0
DA:531,0
DA:537,0
DA:539,0
DA:540,0
DA:543,0
DA:545,0
DA:546,0
DA:548,0
DA:550,0
DA:552,0
DA:553,0
DA:554,0
DA:555,0
DA:557,0
DA:558,0
DA:559,0
DA:561,0
DA:563,0
DA:565,0
DA:566,0
DA:574,0
DA:575,0
DA:576,0
DA:578,0
DA:579,0
DA:580,0
DA:581,0
DA:582,0
DA:591,0
DA:593,0
DA:594,0
DA:595,0
DA:596,0
DA:597,0
DA:608,0
DA:609,0
DA:610,0
DA:611,0
DA:612,0
DA:613,0
DA:614,0
DA:615,0
DA:616,0
DA:617,0
DA:623,0
DA:627,0
DA:628,0
DA:629,0
DA:630,0
DA:631,0
DA:644,0
DA:645,0
DA:646,0
DA:656,0
DA:663,0
DA:664,0
DA:670,0
DA:672,0
DA:673,0
DA:676,0
DA:678,0
DA:679,0
DA:681,0
DA:683,0
DA:685,0
DA:686,0
DA:687,0
DA:688,0
DA:690,0
DA:691,0
DA:692,0
DA:694,0
DA:696,0
DA:698,0
DA:699,0
DA:707,0
DA:708,0
DA:709,0
DA:711,0
DA:712,0
DA:714,0
DA:715,0
DA:716,0
DA:717,0
DA:727,0
DA:729,0
DA:730,0
DA:731,0
DA:732,0
DA:733,0
DA:744,0
DA:746,0
DA:751,0
DA:752,0
DA:753,0
DA:757,0
DA:761,0
DA:762,0
DA:763,0
DA:764,0
DA:765,0
DA:778,0
DA:779,0
DA:780,0
DA:790,0
DA:797,0
DA:798,0
DA:804,0
DA:806,0
DA:807,0
DA:810,0
DA:812,0
DA:813,0
DA:815,0
DA:817,0
DA:819,0
DA:820,0
DA:821,0
DA:822,0
DA:824,0
DA:825,0
DA:826,0
DA:828,0
DA:830,0
DA:832,0
DA:833,0
DA:841,0
DA:842,0
DA:843,0
DA:845,0
DA:846,0
DA:847,0
DA:848,0
DA:849,0
DA:858,0
DA:860,0
DA:861,0
DA:862,0
DA:863,0
DA:864,0
DA:875,0
DA:876,0
DA:877,0
DA:878,0
DA:884,0
DA:888,0
DA:889,0
DA:890,0
DA:891,0
DA:892,0
DA:905,0
DA:906,0
DA:907,0
LF:350
LH:0
end_of_record
SF:lib/screens/settings/widgets/settings_mic_test.dart
DA:9,0
DA:11,0
DA:12,0
DA:16,0
DA:18,0
DA:20,0
DA:22,0
DA:23,0
DA:29,0
DA:30,0
DA:39,0
DA:41,0
DA:42,0
DA:51,0
DA:53,0
DA:54,0
DA:56,0
DA:59,0
DA:61,0
DA:62,0
DA:63,0
DA:64,0
DA:66,0
DA:68,0
DA:70,0
DA:72,0
DA:78,0
DA:82,0
DA:83,0
DA:84,0
DA:85,0
DA:86,0
DA:91,0
DA:92,0
DA:93,0
DA:95,0
DA:96,0
DA:97,0
DA:99,0
DA:101,0
DA:107,0
DA:108,0
DA:109,0
DA:112,0
DA:113,0
LF:45
LH:0
end_of_record
SF:lib/theme/components/checkboxes.dart
DA:16,0
DA:22,0
DA:23,0
DA:27,0
DA:29,0
DA:30,0
DA:31,0
DA:32,0
LF:8
LH:0
end_of_record
SF:lib/theme/components/waveform.dart
DA:37,0
DA:44,0
DA:46,0
DA:47,0
DA:53,0
DA:55,0
DA:56,0
DA:59,0
DA:60,0
DA:61,0
DA:62,0
DA:63,0
DA:64,0
DA:70,0
DA:72,0
DA:73,0
DA:74,0
DA:75,0
DA:77,0
DA:78,0
DA:79,0
DA:80,0
DA:81,0
DA:115,0
DA:120,0
DA:122,0
DA:126,0
DA:128,0
DA:129,0
DA:131,0
DA:133,0
DA:135,0
DA:136,0
DA:138,0
DA:139,0
DA:140,0
DA:141,0
DA:143,0
DA:144,0
DA:145,0
DA:146,0
DA:148,0
DA:150,0
DA:151,0
DA:153,0
DA:154,0
DA:156,0
DA:157,0
DA:158,0
DA:163,0
DA:166,0
DA:167,0
DA:170,0
DA:171,0
DA:178,0
LF:55
LH:0
end_of_record
SF:lib/theme/components/webview.dart
DA:18,0
DA:24,0
DA:25,0
DA:44,0
DA:46,0
DA:47,0
DA:48,0
DA:49,0
DA:50,0
DA:51,0
DA:52,0
DA:53,0
DA:54,0
DA:55,0
DA:56,0
DA:57,0
DA:58,0
DA:60,0
DA:63,0
DA:64,0
DA:65,0
DA:67,0
DA:68,0
DA:69,0
DA:70,0
DA:72,0
DA:75,0
DA:76,0
DA:77,0
DA:78,0
DA:79,0
DA:80,0
DA:81,0
DA:82,0
DA:84,0
DA:86,0
DA:88,0
DA:89,0
DA:90,0
DA:91,0
DA:92,0
DA:94,0
DA:96,0
DA:97,0
DA:101,0
DA:102,0
DA:103,0
DA:104,0
DA:105,0
DA:107,0
DA:108,0
DA:111,0
DA:112,0
DA:113,0
DA:118,0
DA:119,0
DA:120,0
DA:124,0
DA:126,0
DA:127,0
DA:128,0
DA:132,0
DA:133,0
DA:136,0
DA:137,0
DA:138,0
DA:139,0
DA:140,0
DA:143,0
DA:144,0
DA:148,0
DA:151,0
DA:152,0
DA:155,0
DA:156,0
DA:160,0
DA:162,0
DA:163,0
DA:164,0
DA:167,0
DA:169,0
DA:170,0
DA:171,0
DA:178,0
DA:179,0
DA:181,0
DA:182,0
DA:184,0
DA:185,0
DA:186,0
DA:187,0
DA:188,0
DA:189,0
DA:190,0
DA:191,0
DA:192,0
DA:193,0
DA:198,0
DA:199,0
DA:202,0
DA:204,0
DA:205,0
DA:208,0
DA:209,0
DA:210,0
DA:211,0
DA:212,0
DA:216,0
DA:219,0
DA:222,0
DA:223,0
DA:227,0
DA:229,0
DA:232,0
DA:236,0
DA:237,0
DA:238,0
DA:239,0
DA:240,0
DA:241,0
DA:243,0
DA:244,0
DA:245,0
DA:246,0
DA:249,0
DA:251,0
DA:253,0
DA:254,0
DA:259,0
DA:260,0
DA:261,0
DA:262,0
DA:265,0
DA:266,0
DA:267,0
DA:276,0
DA:277,0
DA:278,0
DA:281,0
DA:282,0
DA:288,0
DA:289,0
DA:290,0
DA:291,0
DA:292,0
DA:293,0
DA:295,0
DA:296,0
DA:300,0
DA:301,0
DA:304,0
DA:305,0
DA:309,0
DA:311,0
DA:312,0
DA:316,0
DA:319,0
DA:320,0
DA:322,0
DA:323,0
DA:325,0
DA:330,0
DA:332,0
DA:336,0
DA:338,0
DA:339,0
DA:340,0
DA:341,0
DA:342,0
DA:343,0
DA:344,0
DA:346,0
DA:347,0
DA:348,0
DA:350,0
DA:351,0
DA:354,0
DA:356,0
DA:357,0
DA:362,0
DA:364,0
LF:181
LH:0
end_of_record
SF:lib/theme/overlays/keyboard_overlay.dart
DA:5,4
DA:7,0
DA:9,0
DA:12,0
DA:14,0
DA:16,0
DA:18,0
DA:19,0
DA:21,0
DA:22,0
DA:29,0
DA:31,0
DA:32,0
LF:13
LH:1
end_of_record
SF:lib/core/utils/extensions.dart
DA:8,1
DA:10,3
DA:11,3
DA:12,3
DA:13,3
DA:16,2
DA:17,0
DA:18,0
DA:19,0
DA:27,1
DA:28,3
DA:29,3
DA:30,3
DA:37,1
DA:39,3
DA:40,3
DA:41,3
DA:43,3
DA:44,3
DA:45,3
DA:48,5
DA:49,4
DA:50,5
DA:51,2
DA:55,5
DA:56,3
DA:57,0
DA:58,0
DA:59,1
LF:29
LH:24
end_of_record
